2020-02-19 14:04:49,254 [INFO] Activator:176 - 


2020-02-19 14:04:49,254 [INFO] Activator:177 - !SESSION log4j initialized
2020-02-19 16:03:42,394 [INFO] Activator:176 - 


2020-02-19 16:03:42,394 [INFO] Activator:177 - !SESSION log4j initialized
2020-02-19 16:04:58,753 [INFO] ApplicationProperties:181 - Using Application install path: C:\Appz\ST\STM32CubeIDE_1.2.0\STM32CubeIDE\plugins\com.st.stm32cube.common.mx_5.5.0.201912201511
2020-02-19 16:04:58,769 [INFO] DbMcusXml:69 - Set database path to: C:\Appz\ST\STM32CubeIDE_1.2.0\STM32CubeIDE\plugins\com.st.stm32cube.common.mx_5.5.0.201912201511\\db\/mcu/
2020-02-19 16:04:58,769 [INFO] DbBoardsPdsc:54 - Set plugin database path to: C:\Appz\ST\STM32CubeIDE_1.2.0\STM32CubeIDE\plugins\com.st.stm32cube.common.mx_5.5.0.201912201511\\db\/plugins/boardmanager/
2020-02-19 16:04:58,769 [INFO] DbMcus:264 - Set plugin images path to: C:\Appz\ST\STM32CubeIDE_1.2.0\STM32CubeIDE\plugins\com.st.stm32cube.common.mx_5.5.0.201912201511\\db\/plugins/mcufinder/images/
2020-02-19 16:04:58,769 [INFO] DbBoards:232 - Set plugin images path to: C:\Appz\ST\STM32CubeIDE_1.2.0\STM32CubeIDE\plugins\com.st.stm32cube.common.mx_5.5.0.201912201511\\db\/plugins/mcufinder/images/
2020-02-19 16:04:58,769 [INFO] APIGFXSelector:72 - Set database path to: C:\Appz\ST\STM32CubeIDE_1.2.0\STM32CubeIDE\plugins\com.st.stm32cube.common.mx_5.5.0.201912201511\\db\/plugins/mcufinder/mcu/
2020-02-19 16:04:58,784 [INFO] DbMcusAds:72 - Set database path to: C:\Users\student\.stmcufinder\plugins\mcufinder//mcu/
2020-02-19 16:04:58,784 [INFO] DbMcusDocs:92 - Set database path to: C:\Users\student\.stmcufinder\plugins\mcufinder//mcu/
2020-02-19 16:04:58,784 [INFO] DbMcusJson:59 - Set database path to: C:\Users\student\.stmcufinder\plugins\mcufinder//mcu/
2020-02-19 16:04:58,784 [INFO] DbBoardsDocs:84 - Set database path to: C:\Users\student\.stmcufinder\plugins\mcufinder//mcu/
2020-02-19 16:04:58,784 [INFO] DbBoardsJson:51 - Set database path to: C:\Users\student\.stmcufinder\plugins\mcufinder//mcu/
2020-02-19 16:04:58,784 [INFO] CrossReferenceDbSqlite:197 - Set database path to: C:\Users\student\.stmcufinder\plugins\mcufinder//mcu/cs/
2020-02-19 16:04:58,894 [INFO] RulesReader:52 - Compatibility file has been processed (205 Rules)
2020-02-19 16:04:59,019 [INFO] MicroXplorer:570 - Detected Java Version = 1.8.0_202
2020-02-19 16:04:59,019 [INFO] DbMcusXml:69 - Set database path to: C:\Appz\ST\STM32CubeIDE_1.2.0\STM32CubeIDE\plugins\com.st.stm32cube.common.mx_5.5.0.201912201511\\db\/mcu/
2020-02-19 16:04:59,019 [INFO] DbBoardsPdsc:54 - Set plugin database path to: C:\Appz\ST\STM32CubeIDE_1.2.0\STM32CubeIDE\plugins\com.st.stm32cube.common.mx_5.5.0.201912201511\\db\/plugins/boardmanager/
2020-02-19 16:04:59,019 [INFO] DbMcus:264 - Set plugin images path to: C:\Appz\ST\STM32CubeIDE_1.2.0\STM32CubeIDE\plugins\com.st.stm32cube.common.mx_5.5.0.201912201511\\db\/plugins/mcufinder/images/
2020-02-19 16:04:59,019 [INFO] DbBoards:232 - Set plugin images path to: C:\Appz\ST\STM32CubeIDE_1.2.0\STM32CubeIDE\plugins\com.st.stm32cube.common.mx_5.5.0.201912201511\\db\/plugins/mcufinder/images/
2020-02-19 16:04:59,019 [INFO] APIGFXSelector:72 - Set database path to: C:\Appz\ST\STM32CubeIDE_1.2.0\STM32CubeIDE\plugins\com.st.stm32cube.common.mx_5.5.0.201912201511\\db\/plugins/mcufinder/mcu/
2020-02-19 16:04:59,019 [WARN] DbFile:31 - Overriding database path with different value: C:\Users\student\.stmcufinder\plugins\mcufinder/ => C:\Users\student\.stmcufinder\plugins\mcufinder
2020-02-19 16:04:59,019 [INFO] DbMcusAds:72 - Set database path to: C:\Users\student\.stmcufinder\plugins\mcufinder//mcu/
2020-02-19 16:04:59,019 [WARN] DbFile:31 - Overriding database path with different value: C:\Users\student\.stmcufinder\plugins\mcufinder/ => C:\Users\student\.stmcufinder\plugins\mcufinder
2020-02-19 16:04:59,019 [INFO] DbMcusDocs:92 - Set database path to: C:\Users\student\.stmcufinder\plugins\mcufinder//mcu/
2020-02-19 16:04:59,035 [WARN] DbFile:31 - Overriding database path with different value: C:\Users\student\.stmcufinder\plugins\mcufinder/ => C:\Users\student\.stmcufinder\plugins\mcufinder
2020-02-19 16:04:59,035 [INFO] DbMcusJson:59 - Set database path to: C:\Users\student\.stmcufinder\plugins\mcufinder//mcu/
2020-02-19 16:04:59,035 [WARN] DbFile:31 - Overriding database path with different value: C:\Users\student\.stmcufinder\plugins\mcufinder/ => C:\Users\student\.stmcufinder\plugins\mcufinder
2020-02-19 16:04:59,035 [INFO] DbBoardsDocs:84 - Set database path to: C:\Users\student\.stmcufinder\plugins\mcufinder//mcu/
2020-02-19 16:04:59,035 [WARN] DbFile:31 - Overriding database path with different value: C:\Users\student\.stmcufinder\plugins\mcufinder/ => C:\Users\student\.stmcufinder\plugins\mcufinder
2020-02-19 16:04:59,035 [INFO] DbBoardsJson:51 - Set database path to: C:\Users\student\.stmcufinder\plugins\mcufinder//mcu/
2020-02-19 16:04:59,035 [WARN] DbFile:31 - Overriding database path with different value: C:\Users\student\.stmcufinder\plugins\mcufinder/ => C:\Users\student\.stmcufinder\plugins\mcufinder
2020-02-19 16:04:59,035 [WARN] DbFile:31 - Overriding database path with different value: C:\Users\student\.stmcufinder\plugins\mcufinder/ => C:\Users\student\.stmcufinder\plugins\mcufinder
2020-02-19 16:04:59,035 [INFO] CrossReferenceDbSqlite:197 - Set database path to: C:\Users\student\.stmcufinder\plugins\mcufinder//mcu/cs/
2020-02-19 16:04:59,113 [INFO] MainPanel:180 - HeapMemory: 306184192
2020-02-19 16:04:59,191 [INFO] DbMcusXml:69 - Set database path to: C:\Appz\ST\STM32CubeIDE_1.2.0\STM32CubeIDE\plugins\com.st.stm32cube.common.mx_5.5.0.201912201511\\db\/mcu/
2020-02-19 16:04:59,191 [INFO] DbBoardsPdsc:54 - Set plugin database path to: C:\Appz\ST\STM32CubeIDE_1.2.0\STM32CubeIDE\plugins\com.st.stm32cube.common.mx_5.5.0.201912201511\\db\/plugins/boardmanager/
2020-02-19 16:04:59,191 [INFO] DbMcus:264 - Set plugin images path to: C:\Appz\ST\STM32CubeIDE_1.2.0\STM32CubeIDE\plugins\com.st.stm32cube.common.mx_5.5.0.201912201511\\db\/plugins/mcufinder/images/
2020-02-19 16:04:59,191 [INFO] DbBoards:232 - Set plugin images path to: C:\Appz\ST\STM32CubeIDE_1.2.0\STM32CubeIDE\plugins\com.st.stm32cube.common.mx_5.5.0.201912201511\\db\/plugins/mcufinder/images/
2020-02-19 16:04:59,191 [INFO] APIGFXSelector:72 - Set database path to: C:\Appz\ST\STM32CubeIDE_1.2.0\STM32CubeIDE\plugins\com.st.stm32cube.common.mx_5.5.0.201912201511\\db\/plugins/mcufinder/mcu/
2020-02-19 16:04:59,191 [WARN] DbFile:31 - Overriding database path with different value: C:\Users\student\.stmcufinder\plugins\mcufinder/ => C:\Users\student\.stmcufinder\plugins\mcufinder
2020-02-19 16:04:59,191 [INFO] DbMcusAds:72 - Set database path to: C:\Users\student\.stmcufinder\plugins\mcufinder//mcu/
2020-02-19 16:04:59,191 [WARN] DbFile:31 - Overriding database path with different value: C:\Users\student\.stmcufinder\plugins\mcufinder/ => C:\Users\student\.stmcufinder\plugins\mcufinder
2020-02-19 16:04:59,191 [INFO] DbMcusDocs:92 - Set database path to: C:\Users\student\.stmcufinder\plugins\mcufinder//mcu/
2020-02-19 16:04:59,191 [WARN] DbFile:31 - Overriding database path with different value: C:\Users\student\.stmcufinder\plugins\mcufinder/ => C:\Users\student\.stmcufinder\plugins\mcufinder
2020-02-19 16:04:59,191 [INFO] DbMcusJson:59 - Set database path to: C:\Users\student\.stmcufinder\plugins\mcufinder//mcu/
2020-02-19 16:04:59,191 [WARN] DbFile:31 - Overriding database path with different value: C:\Users\student\.stmcufinder\plugins\mcufinder/ => C:\Users\student\.stmcufinder\plugins\mcufinder
2020-02-19 16:04:59,191 [INFO] DbBoardsDocs:84 - Set database path to: C:\Users\student\.stmcufinder\plugins\mcufinder//mcu/
2020-02-19 16:04:59,191 [WARN] DbFile:31 - Overriding database path with different value: C:\Users\student\.stmcufinder\plugins\mcufinder/ => C:\Users\student\.stmcufinder\plugins\mcufinder
2020-02-19 16:04:59,191 [INFO] DbBoardsJson:51 - Set database path to: C:\Users\student\.stmcufinder\plugins\mcufinder//mcu/
2020-02-19 16:04:59,191 [WARN] DbFile:31 - Overriding database path with different value: C:\Users\student\.stmcufinder\plugins\mcufinder/ => C:\Users\student\.stmcufinder\plugins\mcufinder
2020-02-19 16:04:59,191 [WARN] DbFile:31 - Overriding database path with different value: C:\Users\student\.stmcufinder\plugins\mcufinder/ => C:\Users\student\.stmcufinder\plugins\mcufinder
2020-02-19 16:04:59,191 [INFO] CrossReferenceDbSqlite:197 - Set database path to: C:\Users\student\.stmcufinder\plugins\mcufinder//mcu/cs/
2020-02-19 16:04:59,222 [INFO] ApplicationProperties:181 - Using Application install path: C:\Appz\ST\STM32CubeIDE_1.2.0\STM32CubeIDE\plugins\com.st.stm32cube.common.mx_5.5.0.201912201511
2020-02-19 16:04:59,222 [INFO] PluginManage:178 - Search for loadable plugins [exclusion list=]
2020-02-19 16:04:59,222 [INFO] PluginManage:292 - Check plugin analytics
2020-02-19 16:04:59,238 [INFO] PluginManage:342 - Loaded plugin analytics (category:tool,tabindex:-1)
2020-02-19 16:04:59,238 [INFO] PluginManage:292 - Check plugin clock
2020-02-19 16:04:59,238 [INFO] PluginManage:342 - Loaded plugin clock (category:base,tabindex:2)
2020-02-19 16:04:59,238 [INFO] PluginManage:292 - Check plugin ddr
2020-02-19 16:04:59,253 [INFO] PluginManage:342 - Loaded plugin ddr (category:tool,tabindex:6)
2020-02-19 16:04:59,253 [INFO] PluginManage:292 - Check plugin filemanager
2020-02-19 16:04:59,363 [INFO] PluginManage:342 - Loaded plugin filemanager (category:base,tabindex:10)
2020-02-19 16:04:59,363 [INFO] PluginManage:292 - Check plugin ipmanager
2020-02-19 16:04:59,378 [INFO] PluginManage:342 - Loaded plugin ipmanager (category:base,tabindex:5)
2020-02-19 16:04:59,378 [INFO] PluginManage:292 - Check plugin pinoutandconfiguration
2020-02-19 16:04:59,394 [INFO] PluginManage:342 - Loaded plugin pinoutandconfiguration (category:base,tabindex:1)
2020-02-19 16:04:59,394 [INFO] PluginManage:292 - Check plugin pinoutconfig
2020-02-19 16:04:59,410 [INFO] PluginManage:342 - Loaded plugin pinoutconfig (category:base,tabindex:0)
2020-02-19 16:04:59,410 [INFO] PluginManage:292 - Check plugin power
2020-02-19 16:04:59,425 [INFO] PluginManage:342 - Loaded plugin power (category:power,tabindex:4)
2020-02-19 16:04:59,425 [INFO] PluginManage:292 - Check plugin projectmanager
2020-02-19 16:04:59,441 [INFO] PluginManage:342 - Loaded plugin projectmanager (category:projectmanager,tabindex:3)
2020-02-19 16:04:59,441 [INFO] PluginManage:292 - Check plugin thirdparty
2020-02-19 16:04:59,519 [INFO] ThirdPartyDb:295 - Open Third Party DataBase File (C:/Users/student/.stm32cubemx/plugins/thirdparty/db/thirdparties_db.xml) : 47 ms. number of Sw pack : 10
2020-02-19 16:04:59,519 [INFO] PluginManage:342 - Loaded plugin thirdparty (category:base,tabindex:-1)
2020-02-19 16:04:59,519 [INFO] PluginManage:292 - Check plugin tools
2020-02-19 16:04:59,535 [INFO] PluginManage:342 - Loaded plugin tools (category:base,tabindex:7)
2020-02-19 16:04:59,535 [INFO] PluginManage:292 - Check plugin updater
2020-02-19 16:04:59,535 [INFO] PluginManage:342 - Loaded plugin updater (category:base,tabindex:12)
2020-02-19 16:04:59,535 [INFO] PluginManage:265 - PluginManage : Loaded plugins [12]
2020-02-19 16:04:59,753 [INFO] PinOutPanel:1399 - setPackage(No Configuration,No Configuration)
2020-02-19 16:04:59,878 [INFO] IPUIPlugin:65 - create IPUIPlugin
2020-02-19 16:04:59,878 [INFO] PluginManager:200 - loadIPPluginJar : add adc
2020-02-19 16:04:59,878 [INFO] IPUIPlugin:65 - create IPUIPlugin
2020-02-19 16:04:59,878 [INFO] PluginManager:200 - loadIPPluginJar : add aes
2020-02-19 16:04:59,894 [INFO] IPUIPlugin:65 - create IPUIPlugin
2020-02-19 16:04:59,894 [INFO] PluginManager:200 - loadIPPluginJar : add can
2020-02-19 16:04:59,894 [INFO] IPUIPlugin:65 - create IPUIPlugin
2020-02-19 16:04:59,894 [INFO] PluginManager:200 - loadIPPluginJar : add comp
2020-02-19 16:04:59,894 [INFO] IPUIPlugin:65 - create IPUIPlugin
2020-02-19 16:04:59,894 [INFO] PluginManager:200 - loadIPPluginJar : add cryp
2020-02-19 16:04:59,894 [INFO] IPUIPlugin:65 - create IPUIPlugin
2020-02-19 16:04:59,894 [INFO] PluginManager:200 - loadIPPluginJar : add dfsdm
2020-02-19 16:04:59,910 [INFO] IPUIPlugin:65 - create IPUIPlugin
2020-02-19 16:04:59,910 [INFO] PluginManager:200 - loadIPPluginJar : add dma
2020-02-19 16:04:59,910 [INFO] IPUIPlugin:65 - create IPUIPlugin
2020-02-19 16:04:59,910 [INFO] PluginManager:200 - loadIPPluginJar : add fatfs
2020-02-19 16:04:59,910 [INFO] IPUIPlugin:65 - create IPUIPlugin
2020-02-19 16:04:59,910 [INFO] PluginManager:200 - loadIPPluginJar : add fmc
2020-02-19 16:04:59,925 [INFO] IPUIPlugin:65 - create IPUIPlugin
2020-02-19 16:04:59,925 [INFO] PluginManager:200 - loadIPPluginJar : add freertos
2020-02-19 16:04:59,925 [INFO] IPUIPlugin:65 - create IPUIPlugin
2020-02-19 16:04:59,925 [INFO] PluginManager:200 - loadIPPluginJar : add genericplugin
2020-02-19 16:04:59,925 [INFO] IPUIPlugin:65 - create IPUIPlugin
2020-02-19 16:04:59,925 [INFO] PluginManager:200 - loadIPPluginJar : add gfxmmu
2020-02-19 16:04:59,925 [INFO] IPUIPlugin:65 - create IPUIPlugin
2020-02-19 16:04:59,941 [INFO] PluginManager:200 - loadIPPluginJar : add gfxsimulator
2020-02-19 16:04:59,941 [INFO] IPUIPlugin:65 - create IPUIPlugin
2020-02-19 16:04:59,941 [INFO] PluginManager:200 - loadIPPluginJar : add gic
2020-02-19 16:04:59,941 [INFO] IPUIPlugin:65 - create IPUIPlugin
2020-02-19 16:04:59,941 [INFO] PluginManager:200 - loadIPPluginJar : add gpio
2020-02-19 16:04:59,957 [INFO] IPUIPlugin:65 - create IPUIPlugin
2020-02-19 16:04:59,957 [INFO] PluginManager:200 - loadIPPluginJar : add gtzc
2020-02-19 16:04:59,957 [INFO] IPUIPlugin:65 - create IPUIPlugin
2020-02-19 16:04:59,957 [INFO] PluginManager:200 - loadIPPluginJar : add hash
2020-02-19 16:04:59,957 [INFO] IPUIPlugin:65 - create IPUIPlugin
2020-02-19 16:04:59,957 [INFO] PluginManager:200 - loadIPPluginJar : add i2c
2020-02-19 16:04:59,957 [INFO] IPUIPlugin:65 - create IPUIPlugin
2020-02-19 16:04:59,972 [INFO] PluginManager:200 - loadIPPluginJar : add i2s
2020-02-19 16:04:59,972 [INFO] IPUIPlugin:65 - create IPUIPlugin
2020-02-19 16:04:59,972 [INFO] PluginManager:200 - loadIPPluginJar : add ipddr
2020-02-19 16:04:59,972 [INFO] IPUIPlugin:65 - create IPUIPlugin
2020-02-19 16:04:59,972 [INFO] PluginManager:200 - loadIPPluginJar : add ltdc
2020-02-19 16:04:59,972 [INFO] IPUIPlugin:65 - create IPUIPlugin
2020-02-19 16:04:59,972 [INFO] PluginManager:200 - loadIPPluginJar : add mdma
2020-02-19 16:04:59,988 [INFO] IPUIPlugin:65 - create IPUIPlugin
2020-02-19 16:04:59,988 [INFO] PluginManager:200 - loadIPPluginJar : add nvic
2020-02-19 16:04:59,988 [INFO] IPUIPlugin:65 - create IPUIPlugin
2020-02-19 16:04:59,988 [INFO] PluginManager:200 - loadIPPluginJar : add opamp
2020-02-19 16:04:59,988 [INFO] IPUIPlugin:65 - create IPUIPlugin
2020-02-19 16:04:59,988 [INFO] PluginManager:200 - loadIPPluginJar : add pdm2pcm
2020-02-19 16:05:00,003 [INFO] IPUIPlugin:65 - create IPUIPlugin
2020-02-19 16:05:00,003 [INFO] PluginManager:200 - loadIPPluginJar : add plateformsettings
2020-02-19 16:05:00,003 [INFO] IPUIPlugin:65 - create IPUIPlugin
2020-02-19 16:05:00,003 [INFO] PluginManager:200 - loadIPPluginJar : add quadspi
2020-02-19 16:05:00,003 [INFO] IPUIPlugin:65 - create IPUIPlugin
2020-02-19 16:05:00,019 [INFO] PluginManager:200 - loadIPPluginJar : add resmgrutility
2020-02-19 16:05:00,019 [INFO] IPUIPlugin:65 - create IPUIPlugin
2020-02-19 16:05:00,019 [INFO] PluginManager:200 - loadIPPluginJar : add sai
2020-02-19 16:05:00,019 [INFO] IPUIPlugin:65 - create IPUIPlugin
2020-02-19 16:05:00,019 [INFO] PluginManager:200 - loadIPPluginJar : add spi
2020-02-19 16:05:00,035 [INFO] IPUIPlugin:65 - create IPUIPlugin
2020-02-19 16:05:00,035 [INFO] PluginManager:200 - loadIPPluginJar : add stm32_wpan
2020-02-19 16:05:00,035 [INFO] IPUIPlugin:65 - create IPUIPlugin
2020-02-19 16:05:00,035 [INFO] PluginManager:200 - loadIPPluginJar : add tim
2020-02-19 16:05:00,035 [INFO] IPUIPlugin:65 - create IPUIPlugin
2020-02-19 16:05:00,035 [INFO] PluginManager:200 - loadIPPluginJar : add touchsensing
2020-02-19 16:05:00,035 [INFO] IPUIPlugin:65 - create IPUIPlugin
2020-02-19 16:05:00,035 [INFO] PluginManager:200 - loadIPPluginJar : add tracer_emb
2020-02-19 16:05:00,035 [INFO] IPUIPlugin:65 - create IPUIPlugin
2020-02-19 16:05:00,050 [INFO] PluginManager:200 - loadIPPluginJar : add ts
2020-02-19 16:05:00,050 [INFO] IPUIPlugin:65 - create IPUIPlugin
2020-02-19 16:05:00,050 [INFO] PluginManager:200 - loadIPPluginJar : add tsc
2020-02-19 16:05:00,050 [INFO] IPUIPlugin:65 - create IPUIPlugin
2020-02-19 16:05:00,050 [INFO] PluginManager:200 - loadIPPluginJar : add ucpd
2020-02-19 16:05:00,050 [INFO] IPUIPlugin:65 - create IPUIPlugin
2020-02-19 16:05:00,050 [INFO] PluginManager:200 - loadIPPluginJar : add usart
2020-02-19 16:05:00,550 [INFO] BoardConnectionPanel:226 - [DDR PANEL] osNameString: Windows
2020-02-19 16:05:00,675 [INFO] BoardConnectionPanel:3472 - [DDR PANEL] STM32CubeIDE environment
2020-02-19 16:05:00,675 [INFO] MainDdrPanel:103 - [DDR PANEL] GETTER - cubeProgrammerPath is: null
2020-02-19 16:05:00,896 [FATAL] Updater:277 - Updater called before beeing initialized
2020-02-19 16:05:01,162 [FATAL] Updater:277 - Updater called before beeing initialized
2020-02-19 16:05:01,177 [INFO] PinOutPanel:1399 - setPackage(No Configuration,No Configuration)
2020-02-19 16:05:01,177 [FATAL] Updater:277 - Updater called before beeing initialized
2020-02-19 16:05:01,177 [INFO] BoardConnectionPanel:3472 - [DDR PANEL] STM32CubeIDE environment
2020-02-19 16:05:01,177 [INFO] MainDdrPanel:103 - [DDR PANEL] GETTER - cubeProgrammerPath is: C:\Appz\ST\STM32CubeIDE_1.2.0\STM32CubeIDE\plugins\com.st.stm32cube.ide.mcu.externaltools.cubeprogrammer.win32_1.1.0.201910081157\tools\bin
2020-02-19 16:05:01,177 [INFO] ProgrammerExecThread:148 - [ProgrammerAPI] CubeProgrammer command construction: C:\Appz\ST\STM32CubeIDE_1.2.0\STM32CubeIDE\plugins\com.st.stm32cube.ide.mcu.externaltools.cubeprogrammer.win32_1.1.0.201910081157\tools\bin\STM32_Programmer_CLI.exe -l
2020-02-19 16:05:01,392 [INFO] MainDdrPanel:93 - [DDR PANEL] SETTER - Set cubeProgrammerPath to: C:\Appz\ST\STM32CubeIDE_1.2.0\STM32CubeIDE\plugins\com.st.stm32cube.ide.mcu.externaltools.cubeprogrammer.win32_1.1.0.201910081157\tools\bin
2020-02-19 16:05:01,407 [INFO] Updater:886 - Updater Version found : 5.5.0
2020-02-19 16:05:01,423 [INFO] ApplicationProperties:181 - Using Application install path: C:\Appz\ST\STM32CubeIDE_1.2.0\STM32CubeIDE\plugins\com.st.stm32cube.common.mx_5.5.0.201912201511
2020-02-19 16:05:01,649 [INFO] MainUpdater:2230 - connection check result : 10
2020-02-19 16:05:01,649 [INFO] MainUpdater:236 - Updater Check For Update Now.
2020-02-19 16:05:01,649 [INFO] MicroXplorer:420 - Change Database Version : DB.5.0.50
2020-02-19 16:05:01,696 [INFO] CheckServerUpdateThread:92 - End of CheckServer Thread
2020-02-19 16:05:01,868 [INFO] MainUpdater:2230 - connection check result : 10
2020-02-19 16:05:01,868 [INFO] LogOutputStream:76 - [STDOUT_REDIRECT] Successfull proxy connection.
2020-02-19 16:05:01,962 [INFO] McuFinderGlobals:40 - Set McuFinder mode to 2 (CubeIDE integrated)
2020-02-19 16:05:01,977 [INFO] FinderPluginLoader:86 - Searching for filters in installed packs
2020-02-19 16:05:01,977 [INFO] DbMcusXml:107 - Load MCU database from C:\Appz\ST\STM32CubeIDE_1.2.0\STM32CubeIDE\plugins\com.st.stm32cube.common.mx_5.5.0.201912201511\\db\/mcu/families.xml
2020-02-19 16:05:02,602 [INFO] ThirdPartyDb:261 - Close Third Party DataBase File (C:/Users/student/.stm32cubemx/plugins/thirdparty/db/thirdparties_db.xml)
2020-02-19 16:05:02,977 [INFO] IntegrityCheckThread:98 - End integrity checks thread
2020-02-19 16:05:02,977 [INFO] DbMcusJson:87 - JSON generation date=Tue Feb 11 16:02:54 CET 2020 (1581433374)
2020-02-19 16:05:03,930 [INFO] DbMcus:192 - Found 1628 MCUs (1588 are supported by CubeMX, 1588 are visible in CubeMX)
2020-02-19 16:05:03,930 [INFO] ApiDb:158 - Load user favorites file C:\Users\student/.stm32cubeide/favorites.mcus.txt: 0 item(s)
2020-02-19 16:05:03,930 [INFO] ApiDb:163 - User favorites MCUs=[]
2020-02-19 16:05:03,930 [INFO] DbMcus:203 - Set 0 / 0 favorites MCUs
2020-02-19 16:05:04,977 [INFO] DbMcusAds:130 - JSON generation date=Wed Feb 20 17:46:15 CET 2019 (1550681175)
2020-02-19 16:05:04,977 [INFO] LoadUrlFilesThread:161 - End of LoadServerUrlFiles without Thread
2020-02-19 16:05:05,008 [INFO] McuDetailPanel:181 - Set advertising image to C:/Users/student/STM32Cube/Repository/\PRSTM32MP10219-01-med.jpg
2020-02-19 16:05:05,587 [INFO] McuFilterPanel:282 - Update 0 favorites MCUs
2020-02-19 16:05:05,774 [INFO] DbBoardsPdsc:92 - Found 21 items
2020-02-19 16:05:05,774 [INFO] DbBoardsPdsc:92 - Found 9 items
2020-02-19 16:05:05,774 [INFO] DbBoardsPdsc:92 - Found 27 items
2020-02-19 16:05:05,774 [INFO] DbBoardsPdsc:92 - Found 1 items
2020-02-19 16:05:05,790 [INFO] DbBoardsPdsc:92 - Found 40 items
2020-02-19 16:05:05,790 [INFO] DbBoardsPdsc:92 - Found 39 items
2020-02-19 16:05:05,790 [INFO] DbBoardsPdsc:92 - Found 2 items
2020-02-19 16:05:05,790 [INFO] DbBoardsPdsc:92 - Found 4 items
2020-02-19 16:05:05,805 [WARN] DbBoardsPdsc:256 - Board STM32H7B3I-DK: unknown feature type=Audio, name=, username=Audio stereo codec with Headphone Amp (CS42L51-CNZ), n=1
2020-02-19 16:05:05,805 [WARN] DbBoardsPdsc:256 - Board STM32H7B3I-DK: unknown feature type=WIFI, name=, username=WIFI 802.11 b/g/n, n=1
2020-02-19 16:05:05,805 [WARN] DbBoardsPdsc:256 - Board STM32H7B3I-EVAL: unknown feature type=Audio, name=, username=Multi-Channel Audio Codec (CS42L51-CNZ), n=1
2020-02-19 16:05:05,805 [WARN] DbBoardsPdsc:256 - Board STM32H7B3I-EVAL: unknown feature type=Meter, name=, username=Power-metering and Temperature-monitoring with sigma-delta modulators, n=1
2020-02-19 16:05:05,805 [WARN] DbBoardsPdsc:256 - Board STM32H7B3I-EVAL: unknown feature type=WIFI, name=, username=WIFI 802.11 a/b/g/n, n=1
2020-02-19 16:05:05,805 [WARN] DbBoardsPdsc:256 - Board STM32H7B3I-EVAL: unknown feature type=Motor, name=, username=Motor Control, n=1
2020-02-19 16:05:05,805 [WARN] DbBoardsPdsc:256 - Board STEVAL-IDP005V1: unknown feature type=PWRSock, name=Power Socket, username=IO-Link 4-position M12 A-coded connector, n=1
2020-02-19 16:05:05,805 [WARN] DbBoardsPdsc:256 - Board STEVAL-IDP005V2: unknown feature type=PWRSock, name=Power Socket, username=IO-Link 4-position M12 A-coded connector, n=1
2020-02-19 16:05:05,837 [INFO] DbBoardsJson:79 - JSON generation date=Wed Jan 22 13:22:01 CET 2020 (1579695721)
2020-02-19 16:05:05,852 [INFO] DbBoards:120 - Found 144 boards (140 are supported by CubeMX)
2020-02-19 16:05:05,868 [INFO] DbBoardsDocs:118 - JSON generation date=Wed Jan 22 14:50:05 CET 2020 (1579701005)
2020-02-19 16:05:05,868 [INFO] DbBoardsDocs:57 - Found 162 boards documents
2020-02-19 16:05:05,868 [WARN] DbBoards:130 - board NUCLEO-H743ZI2 has no document id list !
2020-02-19 16:05:05,868 [WARN] DbBoards:130 - board NUCLEO-H7A3ZI-Q has no document id list !
2020-02-19 16:05:05,868 [WARN] DbBoards:152 - board NUCLEO-L552ZE-Q / document id not found: 4505
2020-02-19 16:05:05,868 [WARN] DbBoards:130 - board NUCLEO-L4P5ZG has no document id list !
2020-02-19 16:05:05,883 [WARN] DbBoards:130 - board P-NUCLEO-WB55-Nucleo has no document id list !
2020-02-19 16:05:05,883 [WARN] DbBoards:130 - board P-NUCLEO-WB55-USBDongle has no document id list !
2020-02-19 16:05:05,883 [WARN] DbBoards:130 - board STM32F401C-DISCO has no document id list !
2020-02-19 16:05:05,883 [WARN] DbBoards:130 - board STM32F769I-DISC1 has no document id list !
2020-02-19 16:05:05,883 [WARN] DbBoards:130 - board STM32L-DISCOVERY has no document id list !
2020-02-19 16:05:05,883 [WARN] DbBoards:130 - board STM32H747I-DISC1 has no document id list !
2020-02-19 16:05:05,883 [WARN] DbBoards:130 - board STM32H7B3I-DK has no document id list !
2020-02-19 16:05:05,883 [WARN] DbBoards:130 - board STM32MP157A-DK1 has no document id list !
2020-02-19 16:05:05,883 [WARN] DbBoards:152 - board STM32L562E-DK / document id not found: 4510
2020-02-19 16:05:05,883 [WARN] DbBoards:152 - board STM32L562E-DK / document id not found: 4514
2020-02-19 16:05:05,883 [WARN] DbBoards:130 - board STM32L4P5G-DK has no document id list !
2020-02-19 16:05:05,883 [WARN] DbBoards:130 - board STM32100E-EVAL has no document id list !
2020-02-19 16:05:05,883 [WARN] DbBoards:130 - board STM32303C-EVAL has no document id list !
2020-02-19 16:05:05,883 [WARN] DbBoards:130 - board STM32L152D-EVAL has no document id list !
2020-02-19 16:05:05,883 [WARN] DbBoards:130 - board STM32H743I-EVAL2 has no document id list !
2020-02-19 16:05:05,883 [WARN] DbBoards:130 - board STM32H7B3I-EVAL has no document id list !
2020-02-19 16:05:05,883 [WARN] DbBoards:130 - board STM32H753I-EVAL2 has no document id list !
2020-02-19 16:05:05,883 [WARN] DbBoards:130 - board STM32G474E-EVAL1 has no document id list !
2020-02-19 16:05:05,883 [WARN] DbBoards:152 - board STM32L552E-EV / document id not found: 4493
2020-02-19 16:05:05,883 [WARN] DbBoards:152 - board STM32L552E-EV / document id not found: 4509
2020-02-19 16:05:05,883 [WARN] DbBoards:157 - board STM32L552E-EV has no document !
2020-02-19 16:05:05,883 [WARN] DbBoards:130 - board STEVAL-BFA001V1B has no document id list !
2020-02-19 16:05:05,883 [WARN] DbBoards:130 - board STEVAL-BFA001V2B has no document id list !
2020-02-19 16:05:05,883 [WARN] DbBoards:130 - board STEVAL-MKSBOX1V1 has no document id list !
2020-02-19 16:05:05,883 [WARN] DbBoards:130 - board STEVAL-STWINKT1 has no document id list !
2020-02-19 16:05:05,883 [WARN] DbBoards:130 - board STEVAL-IDP005V1 has no document id list !
2020-02-19 16:05:05,883 [WARN] DbBoards:130 - board STEVAL-IDP005V2 has no document id list !
2020-02-19 16:05:06,274 [ERROR] DbBoards:192 - Image file not found for board P-NUCLEO-WB55: C:\Appz\ST\STM32CubeIDE_1.2.0\STM32CubeIDE\plugins\com.st.stm32cube.common.mx_5.5.0.201912201511\\db\/plugins/mcufinder/images/boards/p-nucleo-wb55_small.jpg
2020-02-19 16:05:07,071 [INFO] ApiDb:158 - Load user favorites file C:\Users\student/.stm32cubeide/favorites.boards.txt: 0 item(s)
2020-02-19 16:05:07,071 [INFO] ApiDb:163 - User favorites Boards=[]
2020-02-19 16:05:07,071 [INFO] DbBoards:209 - Set 0 / 0 favorites Boards
2020-02-19 16:05:07,180 [INFO] LoadUrlFilesThread:161 - End of LoadServerUrlFiles without Thread
2020-02-19 16:05:07,180 [INFO] BoardDetailPanel:179 - Set advertising image to C:/Users/student/STM32Cube/Repository/\PRSTM32MP10219-01-med.jpg
2020-02-19 16:05:07,227 [INFO] BoardFilterPanel:211 - Update 0 favorites Boards
2020-02-19 16:05:07,524 [INFO] CrossSelectorPresenter:1319 - Cross Selector saved comparison directory: C:\Users\student\.stmcufinder\plugins\mcufinder\mcu\cs_comparisons_mx
2020-02-19 16:05:41,522 [INFO] LogOutputStream:76 - [STDOUT_REDIRECT] withoutVersionV1.11.0
2020-02-19 16:05:43,975 [INFO] LogOutputStream:76 - [STDOUT_REDIRECT] File copied successfully!!
2020-02-19 16:05:44,741 [INFO] MainUpdater:2230 - connection check result : 10
2020-02-19 16:05:44,788 [INFO] MicroXplorer:390 - Change Database Path : 
2020-02-19 16:05:44,788 [INFO] MicroXplorer:420 - Change Database Version : DB.5.0.50
2020-02-19 16:05:44,788 [INFO] PinOutPanel:1399 - setPackage(No Configuration,No Configuration)
2020-02-19 16:05:44,788 [INFO] UtilMem:74 - Begin LoadConfig() Used Memory: 396079360 Bytes (504365056)
2020-02-19 16:05:44,788 [INFO] OpenFileManager:274 - Change cursor
2020-02-19 16:05:47,178 [INFO] Rule:210 - rule SPDIFRX instance for mcu is applicable
2020-02-19 16:05:47,178 [INFO] Rule:210 - rule Rename Tracer Mode is applicable
2020-02-19 16:05:47,178 [INFO] Rule:210 - rule SPDIFRX instance value for IP SPDIFRX is applicable
2020-02-19 16:05:47,194 [INFO] Rule:210 - rule SPDIFRX instance for signal is applicable
2020-02-19 16:05:47,194 [INFO] Rule:210 - rule SPDIFRX instance for project manager is applicable
2020-02-19 16:05:47,194 [INFO] Rule:210 - rule SPDIFRX instance for project manager is applicable
2020-02-19 16:05:47,194 [INFO] Rule:210 - rule ADC Scan  fix with FW F7 is applicable
2020-02-19 16:05:47,194 [INFO] Rule:210 - rule ADC Scan  fix with FW F7 is applicable
2020-02-19 16:05:47,194 [INFO] Rule:210 - rule Rename Comp Signal is applicable
2020-02-19 16:05:47,194 [INFO] Rule:210 - rule DMA-DAC mode for DIE422 is applicable
2020-02-19 16:05:47,194 [INFO] Rule:210 - rule DMA-DAC mode for DIE438 is applicable
2020-02-19 16:05:47,194 [INFO] Rule:210 - rule DMA-DAC mode for DIE432 or DIE446 is applicable
2020-02-19 16:05:47,194 [INFO] Rule:210 - rule DFSDM instance value for IP DFSDM is applicable
2020-02-19 16:05:47,194 [INFO] Rule:210 - rule DFSDM instance for mcu is applicable
2020-02-19 16:05:47,194 [INFO] Rule:210 - rule DFSDM instance for VP is applicable
2020-02-19 16:05:47,194 [INFO] Rule:210 - rule DFSDM instance for signal is applicable
2020-02-19 16:05:47,194 [INFO] Rule:210 - rule DFSDM instance for shared is applicable
2020-02-19 16:05:47,194 [INFO] Rule:210 - rule BreakInputSource parameter for IP Timer is applicable
2020-02-19 16:05:47,194 [INFO] Rule:210 - rule Sourcebreak parameter for IP Timer is applicable
2020-02-19 16:05:47,194 [INFO] Rule:210 - rule Sourcebreak parameter for IP Timer is applicable
2020-02-19 16:05:47,194 [INFO] Rule:210 - rule DFSDM for PCC is applicable
2020-02-19 16:05:47,194 [INFO] Rule:210 - rule Serial_Wire Mode is applicable
2020-02-19 16:05:47,194 [INFO] Rule:210 - rule JTAG_4_pins Mode is applicable
2020-02-19 16:05:47,194 [INFO] Rule:210 - rule JTAG_5_pins Mode is applicable
2020-02-19 16:05:47,194 [INFO] Rule:210 - rule Trace_Asynchronous_SW Mode is applicable
2020-02-19 16:05:47,194 [INFO] Rule:210 - rule Trace_Synchro_1bit_JTAG Mode is applicable
2020-02-19 16:05:47,194 [INFO] Rule:210 - rule Trace_Synchro_2bits_JTAG Mode is applicable
2020-02-19 16:05:47,194 [INFO] Rule:210 - rule Trace_Synchro_4bits_JTAG Mode is applicable
2020-02-19 16:05:47,194 [INFO] Rule:210 - rule Trace_Synchro_1bit_SW Mode is applicable
2020-02-19 16:05:47,194 [INFO] Rule:210 - rule Trace_Synchro_2bits_SW Mode is applicable
2020-02-19 16:05:47,194 [INFO] Rule:210 - rule Trace_Synchro_4bits_SW Mode is applicable
2020-02-19 16:05:47,194 [INFO] Rule:210 - rule SYS_WakeUp0 Mode is applicable
2020-02-19 16:05:47,194 [INFO] Rule:210 - rule SYS_WakeUp0 Mode for STM32F446 is applicable
2020-02-19 16:05:47,194 [INFO] Rule:210 - rule SYS_WakeUp1 Mode is applicable
2020-02-19 16:05:47,194 [INFO] Rule:210 - rule SYS_WakeUp1 Mode for STM32F446 is applicable
2020-02-19 16:05:47,194 [INFO] Rule:210 - rule SYS_WakeUp2 Mode is applicable
2020-02-19 16:05:47,194 [INFO] Rule:210 - rule SYS_WakeUp3 Mode is applicable
2020-02-19 16:05:47,209 [INFO] Rule:210 - rule SYS_WakeUp4 Mode is applicable
2020-02-19 16:05:47,209 [INFO] Rule:210 - rule SYS_WakeUp5 Mode is applicable
2020-02-19 16:05:47,209 [INFO] Rule:210 - rule SYS_WakeUp6 Mode is applicable
2020-02-19 16:05:47,209 [INFO] Rule:210 - rule SYS_WakeUp7 Mode is applicable
2020-02-19 16:05:47,209 [INFO] Rule:210 - rule Mode_PVD_Ext is applicable
2020-02-19 16:05:47,209 [INFO] Rule:210 - rule Mode_PVD_Int is applicable
2020-02-19 16:05:47,209 [INFO] Rule:210 - rule Add RTC Activate Clock Source is applicable
2020-02-19 16:05:47,209 [INFO] Rule:210 - rule Add RTC Activate Calendar 1 is applicable
2020-02-19 16:05:47,209 [INFO] Rule:210 - rule Add RTC Activate Calendar 2 is applicable
2020-02-19 16:05:47,209 [INFO] Rule:210 - rule Add RTC Activate Calendar 3 is applicable
2020-02-19 16:05:47,209 [INFO] Rule:210 - rule UART/USART TX Mode is applicable
2020-02-19 16:05:47,209 [INFO] Rule:210 - rule UART/USART RX Mode is applicable
2020-02-19 16:05:47,209 [INFO] Rule:210 - rule UART/USART RX TX Mode is applicable
2020-02-19 16:05:47,209 [INFO] Rule:210 - rule UART/USART PARITY NONE is applicable
2020-02-19 16:05:47,209 [INFO] Rule:210 - rule UART/USART PARITY EVEN is applicable
2020-02-19 16:05:47,209 [INFO] Rule:210 - rule UART/USART PARITY ODD is applicable
2020-02-19 16:05:47,209 [INFO] Rule:210 - rule USART StopBits 1 is applicable
2020-02-19 16:05:47,209 [INFO] Rule:210 - rule USART StopBits 2 is applicable
2020-02-19 16:05:47,209 [INFO] Rule:210 - rule USART StopBits 1.5 is applicable
2020-02-19 16:05:47,209 [INFO] Rule:210 - rule USART StopBits 0.5 is applicable
2020-02-19 16:05:47,209 [INFO] Rule:210 - rule UART/USART WORD LENGTH 7 is applicable
2020-02-19 16:05:47,209 [INFO] Rule:210 - rule UART/USART WORD LENGTH 8 is applicable
2020-02-19 16:05:47,209 [INFO] Rule:210 - rule UART/USART WORD LENGTH 9 is applicable
2020-02-19 16:05:47,209 [INFO] Rule:210 - rule Rename FMC NAND NCE signal is applicable
2020-02-19 16:05:47,209 [INFO] Rule:210 - rule Rename FMC NAND INT signal is applicable
2020-02-19 16:05:47,209 [INFO] Rule:210 - rule Change Default Value for ADC ExternalTrigConv L4 family is applicable
2020-02-19 16:05:47,209 [INFO] Rule:210 - rule Change Default Value for ADC ExternalTrigInjecConv L4 family is applicable
2020-02-19 16:05:47,209 [INFO] Rule:210 - rule Change Default Value for ADC ExternalTrigConv F3 family is applicable
2020-02-19 16:05:47,209 [INFO] Rule:210 - rule Change Default Value for ADC ExternalTrigInjecConv F3 family is applicable
2020-02-19 16:05:47,209 [INFO] Rule:210 - rule Change Default Value for ADC ExternalTrigConv Goldfish serie is applicable
2020-02-19 16:05:47,209 [INFO] Rule:210 - rule Change Default Value for ADC ExternalTrigInjecConv Goldfish serie is applicable
2020-02-19 16:05:47,209 [INFO] Rule:210 - rule Change Default Value for ADC ExternalTrigConv L0 family is applicable
2020-02-19 16:05:47,209 [INFO] Rule:210 - rule Change Default Value for ADC ExternalTrigConv F0 family is applicable
2020-02-19 16:05:47,209 [INFO] Rule:210 - rule Change Default Value for ADC ExternalTrigConvn L1 family is applicable
2020-02-19 16:05:47,209 [INFO] Rule:210 - rule Change Default Value for ADC ExternalTrigInjecConv L1 family is applicable
2020-02-19 16:05:47,209 [INFO] Rule:210 - rule Change Default Value for ADC ExternalTrigConv F1 family is applicable
2020-02-19 16:05:47,225 [INFO] Rule:210 - rule Change Default Value for ADC ExternalTrigInjecConv F1 family is applicable
2020-02-19 16:05:47,225 [INFO] Rule:210 - rule Change Default Value for ADC ExternalTrigConv F7 family is applicable
2020-02-19 16:05:47,225 [INFO] Rule:210 - rule Change Default Value for ADC ExternalTrigInjecConv F7 family is applicable
2020-02-19 16:05:47,225 [INFO] Rule:210 - rule Change Default Value for ADC ExternalTrigConv F4 and F2 family is applicable
2020-02-19 16:05:47,225 [INFO] Rule:210 - rule Change Default Value for ADC ExternalTrigInjecConv F4 and F2 family is applicable
2020-02-19 16:05:47,225 [INFO] Rule:210 - rule ADC SamplingTime fix with FW L0  is applicable
2020-02-19 16:05:47,225 [INFO] Rule:210 - rule ADC SamplingTime fix with FW L0  is applicable
2020-02-19 16:05:47,225 [INFO] Rule:210 - rule ADC SamplingTime fix with FW L0 is applicable
2020-02-19 16:05:47,225 [INFO] Rule:210 - rule ADC SamplingTime fix with FW L0 is applicable
2020-02-19 16:05:47,225 [INFO] Rule:210 - rule ADC SamplingTime fix with FW L0  is applicable
2020-02-19 16:05:47,225 [INFO] Rule:210 - rule ADC SamplingTime fix with FW L0 is applicable
2020-02-19 16:05:47,225 [INFO] Rule:210 - rule Rename USB_OE Signal is applicable
2020-02-19 16:05:47,225 [INFO] Rule:210 - rule Rename Activate_OE Mode is applicable
2020-02-19 16:05:47,225 [INFO] Rule:210 - rule Rename DIE462/DIE415 pin PC14/OSC32_IN -> PC14-OSC32_IN (PC14) is applicable
2020-02-19 16:05:47,225 [INFO] Rule:210 - rule Rename DIE462/DIE415 pin PC15/OSC32_OUT -> PC15-OSC32_OUT (PC15) is applicable
2020-02-19 16:05:47,225 [INFO] Rule:210 - rule Rename DIE462/DIE415 pin PH0/OSC_IN -> PH0-OSC_IN (PH0) is applicable
2020-02-19 16:05:47,225 [INFO] Rule:210 - rule Rename DIE462/DIE415 pin PH1/OSC_OUT -> PH1-OSC_OUT (PH1) is applicable
2020-02-19 16:05:47,225 [INFO] Rule:210 - rule Rename DIE462 pin PA13 -> PA13 (JTMS/SWDIO) is applicable
2020-02-19 16:05:47,225 [INFO] Rule:210 - rule Rename DIE415 pin PA13 -> PA13 (JTMS/SWDIO) is applicable
2020-02-19 16:05:47,225 [INFO] Rule:210 - rule Rename DIE462 pin PA14 -> PA14 (JTCK/SWCLK) is applicable
2020-02-19 16:05:47,225 [INFO] Rule:210 - rule Rename DIE415 pin PA14 -> PA14 (JTCK/SWCLK) is applicable
2020-02-19 16:05:47,225 [INFO] Rule:210 - rule Rename DIE462/DIE415 pin PA15 -> PA15 (JTDI) is applicable
2020-02-19 16:05:47,225 [INFO] Rule:210 - rule Rename DIE462 pin PB3 -> PB3 (JTD0/TRACESWO) is applicable
2020-02-19 16:05:47,225 [INFO] Rule:210 - rule Rename DIE415 pin PB3 -> PB3 (JTD0-TRACESWO) is applicable
2020-02-19 16:05:47,225 [INFO] Rule:210 - rule Rename DIE462/DIE415 pin PB4 -> PB4 (NJTRST) is applicable
2020-02-19 16:05:47,225 [INFO] Rule:210 - rule Rename DIE462 pin PH3/BOOT0 -> PH3-BOOT0 (BOOT0) is applicable
2020-02-19 16:05:47,225 [INFO] Rule:210 - rule Rename CRYP DataEncryptionTypesList to Algorithm is applicable
2020-02-19 16:05:47,225 [INFO] Rule:210 - rule Rename AES DataEncryptionTypesList to Algorithm is applicable
2020-02-19 16:05:47,225 [INFO] Rule:210 - rule Rename TDESECB to CRYP_TDES_ECB is applicable
2020-02-19 16:05:47,225 [INFO] Rule:210 - rule Rename TDESCBC to CRYP_TDES_CBC is applicable
2020-02-19 16:05:47,225 [INFO] Rule:210 - rule Rename DESECB to CRYP_DES_ECB is applicable
2020-02-19 16:05:47,225 [INFO] Rule:210 - rule Rename DESCBC to CRYP_DES_CBC is applicable
2020-02-19 16:05:47,225 [INFO] Rule:210 - rule Rename AESECB to CRYP_AES_ECB is applicable
2020-02-19 16:05:47,225 [INFO] Rule:210 - rule Rename AESCBC to CRYP_AES_CBC is applicable
2020-02-19 16:05:47,225 [INFO] Rule:210 - rule Rename AESCTR to CRYP_AES_CTR is applicable
2020-02-19 16:05:47,241 [INFO] Rule:210 - rule Rename AESGCM to CRYP_AES_GCM is applicable
2020-02-19 16:05:47,241 [INFO] Rule:210 - rule Rename AESCCM to CRYP_AES_CCM is applicable
2020-02-19 16:05:47,241 [INFO] Rule:210 - rule Rename CAN TimeSeg1 to BS1 is applicable
2020-02-19 16:05:47,241 [INFO] Rule:210 - rule Rename CAN TimeSeg2 to BS2 is applicable
2020-02-19 16:05:47,241 [INFO] Rule:210 - rule Rename CAN SyncJumpWidth to SJW is applicable
2020-02-19 16:05:47,241 [INFO] Rule:210 - rule TimeTriggeredMode to TTCM is applicable
2020-02-19 16:05:47,241 [INFO] Rule:210 - rule Rename CAN AutoBusOff to ABOM is applicable
2020-02-19 16:05:47,241 [INFO] Rule:210 - rule Rename CAN AutoWakeUp to AWUM is applicable
2020-02-19 16:05:47,241 [INFO] Rule:210 - rule Rename CAN AutoRetransmission to NART is applicable
2020-02-19 16:05:47,241 [INFO] Rule:210 - rule Rename CAN ReceiveFifoLocked to RFLM is applicable
2020-02-19 16:05:47,241 [INFO] Rule:210 - rule Rename CAN TransmitFifoPriority to TXFP is applicable
2020-02-19 16:05:47,241 [INFO] Rule:210 - rule Rename HRTIMER HRTIM_OUTPUTFAULTLEVEL_HIGH in HRTIMER HRTIM_OUTPUTFAULTLEVEL_HIGHZ is applicable
2020-02-19 16:05:47,241 [INFO] Rule:210 - rule Rename TIMER TIM_CLEARINPUTSOURCE_OCREFCLR in  TIMER TIM_CLEARINPUTSOURCE_NONE for F7 family is applicable
2020-02-19 16:05:47,241 [INFO] Rule:210 - rule FDCAN_R1 - Rename FDCAN mode Master into Classic is applicable
2020-02-19 16:05:47,241 [INFO] Rule:210 - rule FDCAN_R2 - Rename FDCAN mode Slave into Classic is applicable
2020-02-19 16:05:47,241 [INFO] Rule:210 - rule FDCAN1_R3 - if PA10.Mode=FullDuplex, add Pin PA12 is applicable
2020-02-19 16:05:47,241 [INFO] Rule:210 - rule FDCAN1_R3 - if PA9.Mode=FullDuplex, add Pin PA11 is applicable
2020-02-19 16:05:47,241 [INFO] Rule:210 - rule FDCAN1_R3 - Alternatepin_1 - if PE1.Mode=FullDuplex, add Pin PB9 is applicable
2020-02-19 16:05:47,241 [INFO] Rule:210 - rule FDCAN1_R3 - Alternatepin_1 - if PE0.Mode=FullDuplex, add Pin PB8 is applicable
2020-02-19 16:05:47,241 [INFO] Rule:210 - rule FDCAN1_R3 - Alternatepin_2 - if PD5.Mode=FullDuplex, add Pin PD1 is applicable
2020-02-19 16:05:47,241 [INFO] Rule:210 - rule FDCAN1_R3 - Alternatepin_2 - if PD4.Mode=FullDuplex, add Pin PD0 is applicable
2020-02-19 16:05:47,241 [INFO] Rule:210 - rule FDCAN1_R4 - Rename Mode FullDuplex into Enable FDCAN_TXFD for pin PA10 is applicable
2020-02-19 16:05:47,241 [INFO] Rule:210 - rule FDCAN1_R4 - Rename Mode FullDuplex into Enable FDCAN_TXFD for pin PA9 is applicable
2020-02-19 16:05:47,241 [INFO] Rule:210 - rule FDCAN1_R4 - Alternatepin_1 - Rename Mode FullDuplex into Enable FDCAN_TXFD for pin PE1 is applicable
2020-02-19 16:05:47,241 [INFO] Rule:210 - rule FDCAN1_R4 - Alternatepin_1 - Rename Mode FullDuplex into Enable FDCAN_TXFD for pin PE0 is applicable
2020-02-19 16:05:47,241 [INFO] Rule:210 - rule FDCAN1_R4 - Alternatepin_2 - Rename Mode FullDuplex into Enable FDCAN_TXFD for pin PD5 is applicable
2020-02-19 16:05:47,241 [INFO] Rule:210 - rule FDCAN1_R4 - Alternatepin_2 - Rename Mode FullDuplex into Enable FDCAN_TXFD for pin PD4 is applicable
2020-02-19 16:05:47,241 [INFO] Rule:210 - rule FDCAN2_R3 - if PD10.Mode=FullDuplex, add Pin PB13 is applicable
2020-02-19 16:05:47,241 [INFO] Rule:210 - rule FDCAN2_R3 - if PD9.Mode=FullDuplex, add Pin PB12 is applicable
2020-02-19 16:05:47,241 [INFO] Rule:210 - rule FDCAN2_R3 - Alternatepin_1 - if PB7.Mode=FullDuplex, add Pin PB6 is applicable
2020-02-19 16:05:47,256 [INFO] Rule:210 - rule FDCAN2_R3 - Alternatepin_1 - if PD9.Mode=FullDuplex, add Pin PB12 is applicable
2020-02-19 16:05:47,256 [INFO] Rule:210 - rule FDCAN2_R4 - Rename Mode FullDuplex into Enable FDCAN_TXFD for pin PD10 is applicable
2020-02-19 16:05:47,256 [INFO] Rule:210 - rule FDCAN2_R4 - Rename Mode FullDuplex into Enable FDCAN_TXFD for pin PD9 is applicable
2020-02-19 16:05:47,256 [INFO] Rule:210 - rule FDCAN2_R4 - Alternatepin_1 - Rename Mode FullDuplex into Enable FDCAN_TXFD for pin PB7 is applicable
2020-02-19 16:05:47,256 [INFO] Rule:210 - rule FDCAN2_R4 - Alternatepin_1 - Rename Mode FullDuplex into Enable FDCAN_TXFD for pin PD6 is applicable
2020-02-19 16:05:47,256 [INFO] Rule:210 - rule USART TxPinLevelInvertParam Mode is applicable
2020-02-19 16:05:47,256 [INFO] Rule:210 - rule USART RxPinLevelInvertParam Mode is applicable
2020-02-19 16:05:47,256 [INFO] Rule:210 - rule USART DataInvertParam Mode is applicable
2020-02-19 16:05:47,256 [INFO] Rule:210 - rule USART SwapParam Mode is applicable
2020-02-19 16:05:47,256 [INFO] Rule:210 - rule USART OverrunDisableParam Mode is applicable
2020-02-19 16:05:47,256 [INFO] Rule:210 - rule USART DMADisableonRxErrorParam Mode is applicable
2020-02-19 16:05:47,256 [INFO] Rule:210 - rule USART MSBFirstParam Mode is applicable
2020-02-19 16:05:47,256 [INFO] Rule:210 - rule Update MwName for USB_DEVICE is applicable
2020-02-19 16:05:47,256 [INFO] Rule:210 - rule Change PWR_Regulator_Voltage_Scale Default Value for RCC  H7 family is applicable
2020-02-19 16:05:47,256 [INFO] Rule:210 - rule UART/USART IPParameter rename Prescaler parameter to ClockPrescaler is applicable
2020-02-19 16:05:47,256 [INFO] Rule:210 - rule UART/USART Prescaler rename Prescaler parameter to ClockPrescaler is applicable
2020-02-19 16:05:47,256 [INFO] Rule:210 - rule TIM1CLockSelection is applicable
2020-02-19 16:05:47,256 [INFO] Rule:210 - rule TIM15CLockSelection is applicable
2020-02-19 16:05:47,256 [INFO] Rule:210 - rule align RCC SDMMC3CLockSelection default value on MP1 is applicable
2020-02-19 16:05:47,256 [INFO] Rule:210 - rule align RCC SDMMC12CLockSelection default value on MP1 is applicable
2020-02-19 16:05:47,256 [INFO] Rule:210 - rule align RCC QSPICLockSelection default value on MP1 is applicable
2020-02-19 16:05:47,256 [INFO] Rule:210 - rule align RCC QSPICLockSelection default value on MP1 is applicable
2020-02-19 16:05:47,256 [INFO] Rule:210 - rule align RCC SPI6CLockSelection default value on MP1 is applicable
2020-02-19 16:05:47,256 [INFO] Rule:210 - rule align RCC LPTIM23CLockSelection default value on MP1 is applicable
2020-02-19 16:05:47,256 [INFO] Rule:210 - rule align RCC LPTIM1CLockSelection default value on MP1 is applicable
2020-02-19 16:05:47,256 [INFO] Rule:210 - rule align RCC USART1CLockSelection default value on MP1 is applicable
2020-02-19 16:05:47,256 [INFO] Rule:210 - rule align RCC USART24CLockSelection default value on MP1 is applicable
2020-02-19 16:05:47,256 [INFO] Rule:210 - rule align RCC USART6CLockSelection default value on MP1 is applicable
2020-02-19 16:05:47,256 [INFO] Rule:210 - rule align RCC UART78CLockSelection default value on MP1 is applicable
2020-02-19 16:05:47,256 [INFO] Rule:210 - rule align RCC USART35CLockSelection default value on MP1 is applicable
2020-02-19 16:05:47,256 [INFO] Rule:210 - rule align RCC SPI45CLockSelection default value on MP1 is applicable
2020-02-19 16:05:47,256 [INFO] Rule:210 - rule align RCC I2C46CLockSelection BCLK value on MP1 is applicable
2020-02-19 16:05:47,256 [INFO] Rule:210 - rule align RCC SPI45CLockSelection default value on MP1 is applicable
2020-02-19 16:05:47,256 [INFO] Rule:210 - rule align RCC I2C12CLockSelection default value on MP1 is applicable
2020-02-19 16:05:47,256 [INFO] Rule:210 - rule align RCC I2C35CLockSelection default value on MP1 is applicable
2020-02-19 16:05:47,256 [INFO] Rule:210 - rule align RCC LPTIM45CLockSelection default value on MP1 is applicable
2020-02-19 16:05:47,272 [INFO] Rule:210 - rule Rename DCMI PIXCK signal is applicable
2020-02-19 16:05:47,272 [INFO] Rule:210 - rule Change Default Value for I2C46CLockSelection MP1 family is applicable
2020-02-19 16:05:47,272 [INFO] Rule:210 - rule Change Default Value for UART for G4, G0 and WB families is applicable
2020-02-19 16:05:47,272 [INFO] Rule:210 - rule Change Default Value for USART for G4, G0 and WB families is applicable
2020-02-19 16:05:47,272 [INFO] Rule:210 - rule Change Default Value for USART for G4 family is applicable
2020-02-19 16:05:47,272 [INFO] Rule:210 - rule Change USART1CLockSelection refparam name for MP1 is applicable
2020-02-19 16:05:47,272 [INFO] Rule:210 - rule Change USART2CLockSelection refparam name for MP1 is applicable
2020-02-19 16:05:47,272 [INFO] Rule:210 - rule Change USART3CLockSelection refparam name for MP1 is applicable
2020-02-19 16:05:47,272 [INFO] Rule:210 - rule Change UART4CLockSelection refparam name for MP1 is applicable
2020-02-19 16:05:47,272 [INFO] Rule:210 - rule Change UART5CLockSelection refparam name for MP1 is applicable
2020-02-19 16:05:47,272 [INFO] Rule:210 - rule Change LPUART1CLockSelection refparam name for MP1 is applicable
2020-02-19 16:05:47,272 [INFO] Rule:210 - rule Change LPTIM1CLockSelection refparam name for MP1 is applicable
2020-02-19 16:05:47,272 [INFO] Rule:210 - rule Change LPTIM2CLockSelection refparam name for MP1 is applicable
2020-02-19 16:05:47,272 [INFO] Rule:210 - rule Change RCC_MCO1Source refparam name for MP1 is applicable
2020-02-19 16:05:47,272 [INFO] Rule:210 - rule Change LSCOSource1 refparam name for MP1 is applicable
2020-02-19 16:05:47,272 [INFO] Rule:210 - rule Change SMPSCLockSelection refparam name for MP1 is applicable
2020-02-19 16:05:47,272 [INFO] Rule:210 - rule Change LPTIM3CLockSelection refparam name for MP1 is applicable
2020-02-19 16:05:47,272 [INFO] Rule:210 - rule Change MPCBB* Default Template Mode to Parameters is applicable
2020-02-19 16:05:47,272 [INFO] Rule:210 - rule Change MPCWM* or MPCBB* Secure Mode to Parameters is applicable
2020-02-19 16:05:47,272 [INFO] Rule:210 - rule Change MPCWM* or MPCBB* No Secure Mode to Parameters is applicable
2020-02-19 16:05:47,272 [INFO] Rule:210 - rule Change TZSC IP Secure Mode to Parameters is applicable
2020-02-19 16:05:47,272 [INFO] Rule:210 - rule Change TZSC IP No Secure Mode to Parameters is applicable
2020-02-19 16:05:47,272 [INFO] Rule:210 - rule Change TZSC IP Privilege Mode to Parameters is applicable
2020-02-19 16:05:47,272 [INFO] Rule:210 - rule Change TZSC IP No Privilege Mode to Parameters is applicable
2020-02-19 16:05:47,272 [INFO] Rule:210 - rule Change TZIC IT Secure Mode to Parameters is applicable
2020-02-19 16:05:47,272 [INFO] Rule:210 - rule Change TZIC IT No Secure Mode to Parameters is applicable
2020-02-19 16:05:47,272 [INFO] Rule:210 - rule Add MPCBB1_NonSecureArea_Start_Address value with referenced to MPCBB1_NonSecureArea_Start value is applicable
2020-02-19 16:05:47,272 [INFO] Rule:210 - rule Add MPCBB2_NonSecureArea_Start_Address value with referenced to MPCBB2_NonSecureArea_Start value is applicable
2020-02-19 16:05:47,272 [INFO] Rule:210 - rule Add MPCWM1_NonSecureArea*_Start_Address value with referenced to MPCWM1_NonSecureArea*_Start value is applicable
2020-02-19 16:05:47,272 [INFO] Rule:210 - rule Add MPCWM2_NonSecureArea*_Start_Address value with referenced to MPCWM2_NonSecureArea*_Start value is applicable
2020-02-19 16:05:47,272 [INFO] Rule:210 - rule Add MPCWM3_NonSecureArea_Start_Address value with referenced to MPCWM3_NonSecureArea_Start value is applicable
2020-02-19 16:05:47,319 [INFO] DbConfProperties:222 - Apply Compatibility (66/205 Rules)
2020-02-19 16:05:47,350 [INFO] ImportTextPane:162 - (OptionalMessage_ERROR) Unable to find key (Mcu.ThirdPartyNb) in loaded IOC file
2020-02-19 16:05:47,381 [INFO] ImportTextPane:162 - (OptionalMessage_ERROR) IP (RCC) : Invalid parameter (FamilyName)
2020-02-19 16:05:47,553 [INFO] UtilMem:74 - End LoadConfig() Used Memory: 399733232 Bytes (504365056)
2020-02-19 16:05:47,569 [INFO] ThirdPartyDb:295 - Open Third Party DataBase File (C:/Users/student/.stm32cubemx/plugins/thirdparty/db/thirdparties_db.xml) : 16 ms. number of Sw pack : 10
2020-02-19 16:05:47,631 [INFO] ThirdParty:899 - CMSIS Pack Vendor :STMicroelectronics X-CUBE-BLE1 4.4.0
2020-02-19 16:05:47,631 [INFO] ThirdParty:899 - CMSIS Pack Vendor :STMicroelectronics X-CUBE-MEMS1 7.0.0
2020-02-19 16:05:47,631 [INFO] ThirdParty:899 - CMSIS Pack Vendor :STMicroelectronics X-CUBE-SUBG2 1.0.0
2020-02-19 16:05:47,631 [INFO] ThirdParty:899 - CMSIS Pack Vendor :ARM CMSIS 5.6.0
2020-02-19 16:05:47,631 [INFO] ThirdParty:899 - CMSIS Pack Vendor :STMicroelectronics X-CUBE-GNSS1 4.0.0
2020-02-19 16:05:47,631 [INFO] ThirdParty:899 - CMSIS Pack Vendor :STMicroelectronics X-CUBE-NFC4 1.5.1
2020-02-19 16:05:47,631 [INFO] ThirdParty:899 - CMSIS Pack Vendor :STMicroelectronics FreeRTOS 0.0.1
2020-02-19 16:05:47,631 [INFO] ThirdParty:899 - CMSIS Pack Vendor :STMicroelectronics X-CUBE-BLE2 1.0.0
2020-02-19 16:05:47,881 [INFO] PinOutPanel:1399 - setPackage(No Configuration,No Configuration)
2020-02-19 16:05:47,881 [INFO] PinOutPanel:1399 - setPackage(STM32F030R8Tx,LQFP64)
2020-02-19 16:05:48,475 [INFO] UtilMem:74 - Before build in PCC Used Memory: 300958552 Bytes (504365056)
2020-02-19 16:05:48,850 [INFO] SharedServices:71 - Folder for power plug-in: C:/Users/student/.stm32cubemx/plugins/power
2020-02-19 16:05:48,850 [INFO] UtilMem:74 - After build in PCC Used Memory: 314590040 Bytes (504365056)
2020-02-19 16:05:48,881 [INFO] IPUIPlugin:65 - create IPUIPlugin
2020-02-19 16:05:48,881 [INFO] IPUIPlugin:65 - create IPUIPlugin
2020-02-19 16:05:48,881 [INFO] IPUIPlugin:65 - create IPUIPlugin
2020-02-19 16:05:48,881 [INFO] IPUIPlugin:65 - create IPUIPlugin
2020-02-19 16:05:48,881 [INFO] IPUIPlugin:65 - create IPUIPlugin
2020-02-19 16:05:48,881 [INFO] IPUIPlugin:65 - create IPUIPlugin
2020-02-19 16:05:48,881 [INFO] IPUIPlugin:65 - create IPUIPlugin
2020-02-19 16:05:48,881 [INFO] IPUIPlugin:65 - create IPUIPlugin
2020-02-19 16:05:48,881 [INFO] IPUIPlugin:65 - create IPUIPlugin
2020-02-19 16:05:48,881 [INFO] IPUIPlugin:65 - create IPUIPlugin
2020-02-19 16:05:48,881 [INFO] IPUIPlugin:65 - create IPUIPlugin
2020-02-19 16:05:48,881 [INFO] IPUIPlugin:65 - create IPUIPlugin
2020-02-19 16:05:48,881 [INFO] IPUIPlugin:65 - create IPUIPlugin
2020-02-19 16:05:48,881 [INFO] IPUIPlugin:65 - create IPUIPlugin
2020-02-19 16:05:48,881 [INFO] IPUIPlugin:65 - create IPUIPlugin
2020-02-19 16:05:48,897 [INFO] IPUIPlugin:65 - create IPUIPlugin
2020-02-19 16:05:48,897 [INFO] IPUIPlugin:65 - create IPUIPlugin
2020-02-19 16:05:48,897 [INFO] IPUIPlugin:65 - create IPUIPlugin
2020-02-19 16:05:48,897 [INFO] IPUIPlugin:65 - create IPUIPlugin
2020-02-19 16:05:48,897 [INFO] IPUIPlugin:65 - create IPUIPlugin
2020-02-19 16:05:48,897 [INFO] IPUIPlugin:65 - create IPUIPlugin
2020-02-19 16:05:48,897 [INFO] IPUIPlugin:65 - create IPUIPlugin
2020-02-19 16:05:48,897 [INFO] IPUIPlugin:65 - create IPUIPlugin
2020-02-19 16:05:48,897 [INFO] IPUIPlugin:65 - create IPUIPlugin
2020-02-19 16:05:48,897 [INFO] IPUIPlugin:65 - create IPUIPlugin
2020-02-19 16:05:48,897 [INFO] IPUIPlugin:65 - create IPUIPlugin
2020-02-19 16:05:48,928 [INFO] LogOutputStream:76 - [STDOUT_REDIRECT] toolchainItems.length=====1
2020-02-19 16:05:49,037 [INFO] OpenFileManager:294 - Restore cursor
2020-02-19 16:05:49,287 [INFO] UtilMem:74 - End SaveConfig() Used Memory: 352795408 Bytes (504365056)
2020-02-19 16:05:49,350 [INFO] UtilMem:74 - End SaveConfig() Used Memory: 356533080 Bytes (504365056)
2020-02-19 16:05:49,741 [INFO] BlockDiagram:2751 - set Specific Code input for plugin: NVIC
2020-02-19 16:05:49,741 [INFO] BlockDiagram:2751 - set Specific Code input for plugin: USART
2020-02-19 16:05:49,756 [INFO] BlockDiagram:2751 - set Specific Code input for plugin: SYS
2020-02-19 16:05:49,756 [INFO] BlockDiagram:2751 - set Specific Code input for plugin: GPIO
2020-02-19 16:05:49,756 [INFO] BlockDiagram:2751 - set Specific Code input for plugin: RCC
2020-02-19 16:05:49,756 [INFO] CodeGenerator:601 - code generatio: config db path: C:\Appz\ST\STM32CubeIDE_1.2.0\STM32CubeIDE\plugins\com.st.stm32cube.common.mx_5.5.0.201912201511\\db\
2020-02-19 16:05:50,241 [INFO] CodeEngine:193 - oldGeneratedFile, P:\MMIA\MMIA\CV3-1\MXTmpFiles\license.tmp_save
2020-02-19 16:05:50,912 [INFO] CodeEngine:211 - Generated code: P:\MMIA\MMIA\CV3-1\MXTmpFiles\license.tmp
2020-02-19 16:05:51,084 [INFO] CodeEngine:193 - oldGeneratedFile, P:\MMIA\MMIA\CV3-1\MXTmpFiles\gpio.tmp_save
2020-02-19 16:05:51,287 [INFO] CodeEngine:211 - Generated code: P:\MMIA\MMIA\CV3-1\MXTmpFiles\gpio.tmp
2020-02-19 16:05:51,428 [INFO] LogOutputStream:76 - [STDOUT_REDIRECT] Command line
2020-02-19 16:05:51,444 [INFO] LogOutputStream:76 - [STDOUT_REDIRECT] Debug : prepare data for USART
2020-02-19 16:05:51,444 [INFO] LogOutputStream:76 - [STDOUT_REDIRECT] Command line test
2020-02-19 16:05:51,444 [INFO] LogOutputStream:76 - [STDOUT_REDIRECT] Debug : prepare data for NVIC
2020-02-19 16:05:51,444 [INFO] LogOutputStream:76 - [STDOUT_REDIRECT] Command line test
2020-02-19 16:05:51,491 [INFO] CodeEngine:193 - oldGeneratedFile, P:\MMIA\MMIA\CV3-1\Core\Src\stm32f0xx_it.c_save
2020-02-19 16:05:51,912 [INFO] CodeEngine:211 - Generated code: P:\MMIA\MMIA\CV3-1\Core\Src\stm32f0xx_it.c
2020-02-19 16:05:52,006 [INFO] CodeEngine:193 - oldGeneratedFile, P:\MMIA\MMIA\CV3-1\Core\Inc\stm32f0xx_it.h_save
2020-02-19 16:05:52,303 [INFO] CodeEngine:211 - Generated code: P:\MMIA\MMIA\CV3-1\Core\Inc\stm32f0xx_it.h
2020-02-19 16:05:52,412 [INFO] CodeEngine:193 - oldGeneratedFile, P:\MMIA\MMIA\CV3-1\Core\Src\stm32f0xx_hal_msp.c_save
2020-02-19 16:05:52,756 [INFO] CodeEngine:211 - Generated code: P:\MMIA\MMIA\CV3-1\Core\Src\stm32f0xx_hal_msp.c
2020-02-19 16:05:52,834 [INFO] CodeEngine:193 - oldGeneratedFile, P:\MMIA\MMIA\CV3-1\MXTmpFiles\system.tmp_save
2020-02-19 16:05:53,006 [INFO] CodeEngine:211 - Generated code: P:\MMIA\MMIA\CV3-1\MXTmpFiles\system.tmp
2020-02-19 16:05:53,084 [INFO] CodeEngine:193 - oldGeneratedFile, P:\MMIA\MMIA\CV3-1\Core\Inc\stm32f0xx_hal_conf.h_save
2020-02-19 16:05:53,387 [INFO] CodeEngine:211 - Generated code: P:\MMIA\MMIA\CV3-1\Core\Inc\stm32f0xx_hal_conf.h
2020-02-19 16:05:53,462 [WARN] IPConfigManager:2706 - IP not found : gpio
2020-02-19 16:05:53,467 [WARN] CodeGenerator:2776 - IP not found : gpio
2020-02-19 16:05:53,563 [INFO] CodeEngine:193 - oldGeneratedFile, P:\MMIA\MMIA\CV3-1\Core\Inc\main.h_save
2020-02-19 16:05:53,957 [INFO] CodeEngine:211 - Generated code: P:\MMIA\MMIA\CV3-1\Core\Inc\main.h
2020-02-19 16:05:54,048 [INFO] CodeEngine:193 - oldGeneratedFile, P:\MMIA\MMIA\CV3-1\Core\Src\main.c_save
2020-02-19 16:05:54,594 [INFO] CodeEngine:211 - Generated code: P:\MMIA\MMIA\CV3-1\Core\Src\main.c
2020-02-19 16:05:57,361 [INFO] ProjectBuilder:1843 - Time for Copy HAL[1] : 2048mS.
2020-02-19 16:05:57,393 [INFO] ProjectBuilder:2428 - Project Generator version: 3.6.0
2020-02-19 16:05:57,830 [INFO] ConfigFileManager:1043 - The Die is : DIE440
2020-02-19 16:06:01,038 [INFO] ProjectBuilder:2595 - Time for Generating toolchain IDE Files: 3645mS.
2020-02-19 16:06:01,049 [INFO] ProjectBuilder:1703 - Time for Copy CMSIS : 11mS.
2020-02-19 16:06:01,153 [INFO] ProjectBuilder:1703 - Time for Copy CMSIS : 0mS.
2020-02-19 16:09:05,528 [INFO] UtilMem:74 - End SaveConfig() Used Memory: 422450048 Bytes (943718400)
2020-02-19 16:09:05,794 [INFO] UtilMem:74 - End SaveConfig() Used Memory: 444992288 Bytes (943718400)
2020-02-19 16:09:05,966 [INFO] BlockDiagram:2751 - set Specific Code input for plugin: NVIC
2020-02-19 16:09:05,966 [INFO] BlockDiagram:2751 - set Specific Code input for plugin: USART
2020-02-19 16:09:05,966 [INFO] BlockDiagram:2751 - set Specific Code input for plugin: SYS
2020-02-19 16:09:05,981 [INFO] BlockDiagram:2751 - set Specific Code input for plugin: GPIO
2020-02-19 16:09:05,981 [INFO] BlockDiagram:2751 - set Specific Code input for plugin: RCC
2020-02-19 16:09:05,981 [INFO] CodeGenerator:601 - code generatio: config db path: C:\Appz\ST\STM32CubeIDE_1.2.0\STM32CubeIDE\plugins\com.st.stm32cube.common.mx_5.5.0.201912201511\\db\
2020-02-19 16:09:06,153 [INFO] CodeEngine:193 - oldGeneratedFile, P:\MMIA\MMIA\CV3-1\MXTmpFiles\license.tmp_save
2020-02-19 16:09:06,341 [INFO] CodeEngine:211 - Generated code: P:\MMIA\MMIA\CV3-1\MXTmpFiles\license.tmp
2020-02-19 16:09:06,435 [INFO] CodeEngine:193 - oldGeneratedFile, P:\MMIA\MMIA\CV3-1\MXTmpFiles\gpio.tmp_save
2020-02-19 16:09:06,606 [INFO] CodeEngine:211 - Generated code: P:\MMIA\MMIA\CV3-1\MXTmpFiles\gpio.tmp
2020-02-19 16:09:06,700 [INFO] LogOutputStream:76 - [STDOUT_REDIRECT] Command line
2020-02-19 16:09:06,700 [INFO] LogOutputStream:76 - [STDOUT_REDIRECT] Debug : prepare data for USART
2020-02-19 16:09:06,700 [INFO] LogOutputStream:76 - [STDOUT_REDIRECT] Command line test
2020-02-19 16:09:06,700 [INFO] LogOutputStream:76 - [STDOUT_REDIRECT] Debug : prepare data for NVIC
2020-02-19 16:09:06,700 [INFO] LogOutputStream:76 - [STDOUT_REDIRECT] Command line test
2020-02-19 16:09:06,747 [INFO] CodeEngine:193 - oldGeneratedFile, P:\MMIA\MMIA\CV3-1\Core\Src\stm32f0xx_it.c_save
2020-02-19 16:09:07,044 [INFO] CodeEngine:211 - Generated code: P:\MMIA\MMIA\CV3-1\Core\Src\stm32f0xx_it.c
2020-02-19 16:09:07,122 [INFO] CodeEngine:193 - oldGeneratedFile, P:\MMIA\MMIA\CV3-1\Core\Inc\stm32f0xx_it.h_save
2020-02-19 16:09:07,403 [INFO] CodeEngine:211 - Generated code: P:\MMIA\MMIA\CV3-1\Core\Inc\stm32f0xx_it.h
2020-02-19 16:09:07,513 [INFO] CodeEngine:193 - oldGeneratedFile, P:\MMIA\MMIA\CV3-1\Core\Src\stm32f0xx_hal_msp.c_save
2020-02-19 16:09:07,841 [INFO] CodeEngine:211 - Generated code: P:\MMIA\MMIA\CV3-1\Core\Src\stm32f0xx_hal_msp.c
2020-02-19 16:09:07,903 [INFO] CodeEngine:193 - oldGeneratedFile, P:\MMIA\MMIA\CV3-1\MXTmpFiles\system.tmp_save
2020-02-19 16:09:08,060 [INFO] CodeEngine:211 - Generated code: P:\MMIA\MMIA\CV3-1\MXTmpFiles\system.tmp
2020-02-19 16:09:08,138 [INFO] CodeEngine:193 - oldGeneratedFile, P:\MMIA\MMIA\CV3-1\Core\Inc\stm32f0xx_hal_conf.h_save
2020-02-19 16:09:08,435 [INFO] CodeEngine:211 - Generated code: P:\MMIA\MMIA\CV3-1\Core\Inc\stm32f0xx_hal_conf.h
2020-02-19 16:09:08,497 [WARN] IPConfigManager:2706 - IP not found : gpio
2020-02-19 16:09:08,497 [WARN] CodeGenerator:2776 - IP not found : gpio
2020-02-19 16:09:08,544 [INFO] CodeEngine:193 - oldGeneratedFile, P:\MMIA\MMIA\CV3-1\Core\Inc\main.h_save
2020-02-19 16:09:08,903 [INFO] CodeEngine:211 - Generated code: P:\MMIA\MMIA\CV3-1\Core\Inc\main.h
2020-02-19 16:09:08,997 [INFO] CodeEngine:193 - oldGeneratedFile, P:\MMIA\MMIA\CV3-1\Core\Src\main.c_save
2020-02-19 16:09:09,356 [INFO] CodeEngine:211 - Generated code: P:\MMIA\MMIA\CV3-1\Core\Src\main.c
2020-02-19 16:09:11,790 [INFO] ProjectBuilder:1843 - Time for Copy HAL[1] : 1887mS.
2020-02-19 16:09:11,822 [INFO] ProjectBuilder:2428 - Project Generator version: 3.6.0
2020-02-19 16:09:12,040 [INFO] ConfigFileManager:1043 - The Die is : DIE440
2020-02-19 16:09:14,025 [INFO] ProjectBuilder:2595 - Time for Generating toolchain IDE Files: 2203mS.
2020-02-19 16:09:14,040 [INFO] ProjectBuilder:1703 - Time for Copy CMSIS : 15mS.
2020-02-19 16:09:14,072 [INFO] ProjectBuilder:1703 - Time for Copy CMSIS : 16mS.
2020-02-19 16:11:20,877 [INFO] UtilMem:74 - End SaveConfig() Used Memory: 572384992 Bytes (1020264448)
2020-02-19 16:11:21,049 [INFO] BlockDiagram:2751 - set Specific Code input for plugin: NVIC
2020-02-19 16:11:21,049 [INFO] BlockDiagram:2751 - set Specific Code input for plugin: USART
2020-02-19 16:11:21,049 [INFO] BlockDiagram:2751 - set Specific Code input for plugin: SYS
2020-02-19 16:11:21,049 [INFO] BlockDiagram:2751 - set Specific Code input for plugin: GPIO
2020-02-19 16:11:21,049 [INFO] BlockDiagram:2751 - set Specific Code input for plugin: RCC
2020-02-19 16:11:21,064 [INFO] CodeGenerator:601 - code generatio: config db path: C:\Appz\ST\STM32CubeIDE_1.2.0\STM32CubeIDE\plugins\com.st.stm32cube.common.mx_5.5.0.201912201511\\db\
2020-02-19 16:11:21,236 [INFO] CodeEngine:193 - oldGeneratedFile, P:\MMIA\MMIA\CV3-1\MXTmpFiles\license.tmp_save
2020-02-19 16:11:21,380 [INFO] CodeEngine:211 - Generated code: P:\MMIA\MMIA\CV3-1\MXTmpFiles\license.tmp
2020-02-19 16:11:21,474 [INFO] CodeEngine:193 - oldGeneratedFile, P:\MMIA\MMIA\CV3-1\MXTmpFiles\gpio.tmp_save
2020-02-19 16:11:21,614 [INFO] CodeEngine:211 - Generated code: P:\MMIA\MMIA\CV3-1\MXTmpFiles\gpio.tmp
2020-02-19 16:11:21,708 [INFO] LogOutputStream:76 - [STDOUT_REDIRECT] Command line
2020-02-19 16:11:21,724 [INFO] LogOutputStream:76 - [STDOUT_REDIRECT] Debug : prepare data for USART
2020-02-19 16:11:21,724 [INFO] LogOutputStream:76 - [STDOUT_REDIRECT] Command line test
2020-02-19 16:11:21,724 [INFO] LogOutputStream:76 - [STDOUT_REDIRECT] Debug : prepare data for NVIC
2020-02-19 16:11:21,724 [INFO] LogOutputStream:76 - [STDOUT_REDIRECT] Command line test
2020-02-19 16:11:21,770 [INFO] CodeEngine:193 - oldGeneratedFile, P:\MMIA\MMIA\CV3-1\Core\Src\stm32f0xx_it.c_save
2020-02-19 16:11:22,117 [INFO] CodeEngine:211 - Generated code: P:\MMIA\MMIA\CV3-1\Core\Src\stm32f0xx_it.c
2020-02-19 16:11:22,429 [INFO] CodeEngine:193 - oldGeneratedFile, P:\MMIA\MMIA\CV3-1\Core\Inc\stm32f0xx_it.h_save
2020-02-19 16:11:22,726 [INFO] CodeEngine:211 - Generated code: P:\MMIA\MMIA\CV3-1\Core\Inc\stm32f0xx_it.h
2020-02-19 16:11:22,820 [INFO] CodeEngine:193 - oldGeneratedFile, P:\MMIA\MMIA\CV3-1\Core\Src\stm32f0xx_hal_msp.c_save
2020-02-19 16:11:23,133 [INFO] CodeEngine:211 - Generated code: P:\MMIA\MMIA\CV3-1\Core\Src\stm32f0xx_hal_msp.c
2020-02-19 16:11:23,226 [INFO] CodeEngine:193 - oldGeneratedFile, P:\MMIA\MMIA\CV3-1\MXTmpFiles\system.tmp_save
2020-02-19 16:11:23,367 [INFO] CodeEngine:211 - Generated code: P:\MMIA\MMIA\CV3-1\MXTmpFiles\system.tmp
2020-02-19 16:11:23,445 [INFO] CodeEngine:193 - oldGeneratedFile, P:\MMIA\MMIA\CV3-1\Core\Inc\stm32f0xx_hal_conf.h_save
2020-02-19 16:11:23,789 [INFO] CodeEngine:211 - Generated code: P:\MMIA\MMIA\CV3-1\Core\Inc\stm32f0xx_hal_conf.h
2020-02-19 16:11:23,851 [WARN] IPConfigManager:2706 - IP not found : gpio
2020-02-19 16:11:23,867 [WARN] CodeGenerator:2776 - IP not found : gpio
2020-02-19 16:11:23,898 [INFO] CodeEngine:193 - oldGeneratedFile, P:\MMIA\MMIA\CV3-1\Core\Inc\main.h_save
2020-02-19 16:11:24,914 [INFO] CodeEngine:211 - Generated code: P:\MMIA\MMIA\CV3-1\Core\Inc\main.h
2020-02-19 16:11:25,007 [INFO] CodeEngine:193 - oldGeneratedFile, P:\MMIA\MMIA\CV3-1\Core\Src\main.c_save
2020-02-19 16:11:25,320 [INFO] CodeEngine:211 - Generated code: P:\MMIA\MMIA\CV3-1\Core\Src\main.c
2020-02-19 16:11:27,714 [INFO] ProjectBuilder:1843 - Time for Copy HAL[1] : 1925mS.
2020-02-19 16:11:27,732 [INFO] ProjectBuilder:2428 - Project Generator version: 3.6.0
2020-02-19 16:11:27,951 [INFO] ConfigFileManager:1043 - The Die is : DIE440
2020-02-19 16:11:30,145 [INFO] ProjectBuilder:2595 - Time for Generating toolchain IDE Files: 2413mS.
2020-02-19 16:11:30,145 [INFO] ProjectBuilder:1703 - Time for Copy CMSIS : 0mS.
2020-02-19 16:11:30,192 [INFO] ProjectBuilder:1703 - Time for Copy CMSIS : 0mS.
2020-02-19 16:15:22,475 [INFO] UtilMem:74 - End SaveConfig() Used Memory: 515548232 Bytes (1073741824)
2020-02-19 16:15:26,679 [INFO] UtilMem:74 - End SaveConfig() Used Memory: 551199816 Bytes (1073741824)
2020-02-19 16:15:26,820 [INFO] BlockDiagram:2751 - set Specific Code input for plugin: NVIC
2020-02-19 16:15:26,820 [INFO] BlockDiagram:2751 - set Specific Code input for plugin: USART
2020-02-19 16:15:26,820 [INFO] BlockDiagram:2751 - set Specific Code input for plugin: SYS
2020-02-19 16:15:26,820 [INFO] BlockDiagram:2751 - set Specific Code input for plugin: GPIO
2020-02-19 16:15:26,820 [INFO] BlockDiagram:2751 - set Specific Code input for plugin: RCC
2020-02-19 16:15:26,835 [INFO] CodeGenerator:601 - code generatio: config db path: C:\Appz\ST\STM32CubeIDE_1.2.0\STM32CubeIDE\plugins\com.st.stm32cube.common.mx_5.5.0.201912201511\\db\
2020-02-19 16:15:27,007 [INFO] CodeEngine:193 - oldGeneratedFile, P:\MMIA\MMIA\CV3-1\MXTmpFiles\license.tmp_save
2020-02-19 16:15:27,148 [INFO] CodeEngine:211 - Generated code: P:\MMIA\MMIA\CV3-1\MXTmpFiles\license.tmp
2020-02-19 16:15:27,242 [INFO] CodeEngine:193 - oldGeneratedFile, P:\MMIA\MMIA\CV3-1\MXTmpFiles\gpio.tmp_save
2020-02-19 16:15:27,398 [INFO] CodeEngine:211 - Generated code: P:\MMIA\MMIA\CV3-1\MXTmpFiles\gpio.tmp
2020-02-19 16:15:27,507 [INFO] LogOutputStream:76 - [STDOUT_REDIRECT] Command line
2020-02-19 16:15:27,507 [INFO] LogOutputStream:76 - [STDOUT_REDIRECT] Debug : prepare data for USART
2020-02-19 16:15:27,507 [INFO] LogOutputStream:76 - [STDOUT_REDIRECT] Command line test
2020-02-19 16:15:27,507 [INFO] LogOutputStream:76 - [STDOUT_REDIRECT] Debug : prepare data for NVIC
2020-02-19 16:15:27,507 [INFO] LogOutputStream:76 - [STDOUT_REDIRECT] Command line test
2020-02-19 16:15:27,554 [INFO] CodeEngine:193 - oldGeneratedFile, P:\MMIA\MMIA\CV3-1\Core\Src\stm32f0xx_it.c_save
2020-02-19 16:15:27,867 [INFO] CodeEngine:211 - Generated code: P:\MMIA\MMIA\CV3-1\Core\Src\stm32f0xx_it.c
2020-02-19 16:15:27,960 [INFO] CodeEngine:193 - oldGeneratedFile, P:\MMIA\MMIA\CV3-1\Core\Inc\stm32f0xx_it.h_save
2020-02-19 16:15:28,242 [INFO] CodeEngine:211 - Generated code: P:\MMIA\MMIA\CV3-1\Core\Inc\stm32f0xx_it.h
2020-02-19 16:15:28,351 [INFO] CodeEngine:193 - oldGeneratedFile, P:\MMIA\MMIA\CV3-1\Core\Src\stm32f0xx_hal_msp.c_save
2020-02-19 16:15:28,695 [INFO] CodeEngine:211 - Generated code: P:\MMIA\MMIA\CV3-1\Core\Src\stm32f0xx_hal_msp.c
2020-02-19 16:15:28,773 [INFO] CodeEngine:193 - oldGeneratedFile, P:\MMIA\MMIA\CV3-1\MXTmpFiles\system.tmp_save
2020-02-19 16:15:28,945 [INFO] CodeEngine:211 - Generated code: P:\MMIA\MMIA\CV3-1\MXTmpFiles\system.tmp
2020-02-19 16:15:29,101 [INFO] CodeEngine:193 - oldGeneratedFile, P:\MMIA\MMIA\CV3-1\Core\Inc\stm32f0xx_hal_conf.h_save
2020-02-19 16:15:29,445 [INFO] CodeEngine:211 - Generated code: P:\MMIA\MMIA\CV3-1\Core\Inc\stm32f0xx_hal_conf.h
2020-02-19 16:15:29,492 [WARN] IPConfigManager:2706 - IP not found : gpio
2020-02-19 16:15:29,492 [WARN] CodeGenerator:2776 - IP not found : gpio
2020-02-19 16:15:29,523 [INFO] CodeEngine:193 - oldGeneratedFile, P:\MMIA\MMIA\CV3-1\Core\Inc\main.h_save
2020-02-19 16:15:29,835 [INFO] CodeEngine:211 - Generated code: P:\MMIA\MMIA\CV3-1\Core\Inc\main.h
2020-02-19 16:15:29,929 [INFO] CodeEngine:193 - oldGeneratedFile, P:\MMIA\MMIA\CV3-1\Core\Src\main.c_save
2020-02-19 16:15:30,273 [INFO] CodeEngine:211 - Generated code: P:\MMIA\MMIA\CV3-1\Core\Src\main.c
2020-02-19 16:15:32,820 [INFO] ProjectBuilder:1843 - Time for Copy HAL[1] : 2000mS.
2020-02-19 16:15:32,820 [INFO] ProjectBuilder:2428 - Project Generator version: 3.6.0
2020-02-19 16:15:33,054 [INFO] ConfigFileManager:1043 - The Die is : DIE440
2020-02-19 16:15:46,679 [INFO] ProjectBuilder:2595 - Time for Generating toolchain IDE Files: 13859mS.
2020-02-19 16:15:46,711 [INFO] ProjectBuilder:1703 - Time for Copy CMSIS : 32mS.
2020-02-19 16:15:46,742 [INFO] ProjectBuilder:1703 - Time for Copy CMSIS : 0mS.
2020-02-19 16:30:58,899 [INFO] UtilMem:74 - End SaveConfig() Used Memory: 305178552 Bytes (1073741824)
2020-02-19 16:31:03,790 [INFO] UtilMem:74 - End SaveConfig() Used Memory: 314093488 Bytes (1073741824)
2020-02-19 16:31:06,361 [INFO] UtilMem:74 - End SaveConfig() Used Memory: 347891664 Bytes (1073741824)
2020-02-19 16:31:06,517 [INFO] BlockDiagram:2751 - set Specific Code input for plugin: NVIC
2020-02-19 16:31:06,517 [INFO] BlockDiagram:2751 - set Specific Code input for plugin: USART
2020-02-19 16:31:06,517 [INFO] BlockDiagram:2751 - set Specific Code input for plugin: TIM1_8F0
2020-02-19 16:31:06,517 [INFO] BlockDiagram:2751 - set Specific Code input for plugin: SYS
2020-02-19 16:31:06,517 [INFO] BlockDiagram:2751 - set Specific Code input for plugin: GPIO
2020-02-19 16:31:06,517 [INFO] BlockDiagram:2751 - set Specific Code input for plugin: RCC
2020-02-19 16:31:06,533 [INFO] CodeGenerator:601 - code generatio: config db path: C:\Appz\ST\STM32CubeIDE_1.2.0\STM32CubeIDE\plugins\com.st.stm32cube.common.mx_5.5.0.201912201511\\db\
2020-02-19 16:31:06,705 [INFO] CodeEngine:193 - oldGeneratedFile, P:\MMIA\MMIA\CV3-1\MXTmpFiles\license.tmp_save
2020-02-19 16:31:06,846 [INFO] CodeEngine:211 - Generated code: P:\MMIA\MMIA\CV3-1\MXTmpFiles\license.tmp
2020-02-19 16:31:06,924 [INFO] CodeEngine:193 - oldGeneratedFile, P:\MMIA\MMIA\CV3-1\MXTmpFiles\gpio.tmp_save
2020-02-19 16:31:07,080 [INFO] CodeEngine:211 - Generated code: P:\MMIA\MMIA\CV3-1\MXTmpFiles\gpio.tmp
2020-02-19 16:31:07,267 [INFO] LogOutputStream:76 - [STDOUT_REDIRECT] Command line
2020-02-19 16:31:07,267 [INFO] LogOutputStream:76 - [STDOUT_REDIRECT] Debug : prepare data for TIM
2020-02-19 16:31:07,267 [INFO] LogOutputStream:76 - [STDOUT_REDIRECT] Command line test
2020-02-19 16:31:07,267 [INFO] LogOutputStream:76 - [STDOUT_REDIRECT] Command line
2020-02-19 16:31:07,283 [INFO] LogOutputStream:76 - [STDOUT_REDIRECT] Debug : prepare data for USART
2020-02-19 16:31:07,283 [INFO] LogOutputStream:76 - [STDOUT_REDIRECT] Command line test
2020-02-19 16:31:07,283 [INFO] LogOutputStream:76 - [STDOUT_REDIRECT] Debug : prepare data for NVIC
2020-02-19 16:31:07,283 [INFO] LogOutputStream:76 - [STDOUT_REDIRECT] Command line test
2020-02-19 16:31:07,330 [INFO] CodeEngine:193 - oldGeneratedFile, P:\MMIA\MMIA\CV3-1\Core\Src\stm32f0xx_it.c_save
2020-02-19 16:31:07,611 [INFO] CodeEngine:211 - Generated code: P:\MMIA\MMIA\CV3-1\Core\Src\stm32f0xx_it.c
2020-02-19 16:31:07,705 [INFO] CodeEngine:193 - oldGeneratedFile, P:\MMIA\MMIA\CV3-1\Core\Inc\stm32f0xx_it.h_save
2020-02-19 16:31:35,954 [INFO] CodeEngine:211 - Generated code: P:\MMIA\MMIA\CV3-1\Core\Inc\stm32f0xx_it.h
2020-02-19 16:31:36,082 [INFO] CodeEngine:193 - oldGeneratedFile, P:\MMIA\MMIA\CV3-1\Core\Src\stm32f0xx_hal_msp.c_save
2020-02-19 16:31:36,426 [INFO] CodeEngine:211 - Generated code: P:\MMIA\MMIA\CV3-1\Core\Src\stm32f0xx_hal_msp.c
2020-02-19 16:31:36,504 [INFO] CodeEngine:193 - oldGeneratedFile, P:\MMIA\MMIA\CV3-1\MXTmpFiles\system.tmp_save
2020-02-19 16:31:36,676 [INFO] CodeEngine:211 - Generated code: P:\MMIA\MMIA\CV3-1\MXTmpFiles\system.tmp
2020-02-19 16:31:36,738 [INFO] CodeEngine:193 - oldGeneratedFile, P:\MMIA\MMIA\CV3-1\Core\Inc\stm32f0xx_hal_conf.h_save
2020-02-19 16:31:37,051 [INFO] CodeEngine:211 - Generated code: P:\MMIA\MMIA\CV3-1\Core\Inc\stm32f0xx_hal_conf.h
2020-02-19 16:31:37,119 [WARN] IPConfigManager:2706 - IP not found : TIM
2020-02-19 16:31:37,119 [WARN] IPConfigManager:2706 - IP not found : gpio
2020-02-19 16:31:37,119 [WARN] CodeGenerator:2776 - IP not found : TIM
2020-02-19 16:31:37,119 [WARN] CodeGenerator:2776 - IP not found : gpio
2020-02-19 16:31:37,166 [INFO] CodeEngine:193 - oldGeneratedFile, P:\MMIA\MMIA\CV3-1\Core\Inc\main.h_save
2020-02-19 16:31:37,447 [INFO] CodeEngine:211 - Generated code: P:\MMIA\MMIA\CV3-1\Core\Inc\main.h
2020-02-19 16:31:37,557 [INFO] CodeEngine:193 - oldGeneratedFile, P:\MMIA\MMIA\CV3-1\Core\Src\main.c_save
2020-02-19 16:31:37,916 [INFO] CodeEngine:211 - Generated code: P:\MMIA\MMIA\CV3-1\Core\Src\main.c
2020-02-19 16:31:40,531 [INFO] ProjectBuilder:1843 - Time for Copy HAL[1] : 2146mS.
2020-02-19 16:31:40,547 [INFO] ProjectBuilder:2428 - Project Generator version: 3.6.0
2020-02-19 16:31:40,891 [INFO] ConfigFileManager:1043 - The Die is : DIE440
2020-02-19 16:31:43,172 [INFO] ProjectBuilder:2595 - Time for Generating toolchain IDE Files: 2625mS.
2020-02-19 16:31:43,188 [INFO] ProjectBuilder:1703 - Time for Copy CMSIS : 16mS.
2020-02-19 16:31:43,219 [INFO] ProjectBuilder:1703 - Time for Copy CMSIS : 0mS.
