2020-02-12 14:02:03,050 [INFO] Activator:176 - 


2020-02-12 14:02:03,050 [INFO] Activator:177 - !SESSION log4j initialized
2020-02-12 14:07:45,611 [INFO] ApplicationProperties:181 - Using Application install path: C:\Appz\ST\STM32CubeIDE_1.2.0\STM32CubeIDE\plugins\com.st.stm32cube.common.mx_5.5.0.201912201511
2020-02-12 14:07:45,626 [INFO] DbMcusXml:69 - Set database path to: C:\Appz\ST\STM32CubeIDE_1.2.0\STM32CubeIDE\plugins\com.st.stm32cube.common.mx_5.5.0.201912201511\\db\/mcu/
2020-02-12 14:07:45,643 [INFO] DbBoardsPdsc:54 - Set plugin database path to: C:\Appz\ST\STM32CubeIDE_1.2.0\STM32CubeIDE\plugins\com.st.stm32cube.common.mx_5.5.0.201912201511\\db\/plugins/boardmanager/
2020-02-12 14:07:45,643 [INFO] DbMcus:264 - Set plugin images path to: C:\Appz\ST\STM32CubeIDE_1.2.0\STM32CubeIDE\plugins\com.st.stm32cube.common.mx_5.5.0.201912201511\\db\/plugins/mcufinder/images/
2020-02-12 14:07:45,643 [INFO] DbBoards:232 - Set plugin images path to: C:\Appz\ST\STM32CubeIDE_1.2.0\STM32CubeIDE\plugins\com.st.stm32cube.common.mx_5.5.0.201912201511\\db\/plugins/mcufinder/images/
2020-02-12 14:07:45,643 [INFO] APIGFXSelector:72 - Set database path to: C:\Appz\ST\STM32CubeIDE_1.2.0\STM32CubeIDE\plugins\com.st.stm32cube.common.mx_5.5.0.201912201511\\db\/plugins/mcufinder/mcu/
2020-02-12 14:07:45,659 [INFO] DbMcusAds:72 - Set database path to: C:\Users\student\.stmcufinder\plugins\mcufinder//mcu/
2020-02-12 14:07:45,659 [INFO] DbMcusDocs:92 - Set database path to: C:\Users\student\.stmcufinder\plugins\mcufinder//mcu/
2020-02-12 14:07:45,659 [INFO] DbMcusJson:59 - Set database path to: C:\Users\student\.stmcufinder\plugins\mcufinder//mcu/
2020-02-12 14:07:45,659 [INFO] DbBoardsDocs:84 - Set database path to: C:\Users\student\.stmcufinder\plugins\mcufinder//mcu/
2020-02-12 14:07:45,659 [INFO] DbBoardsJson:51 - Set database path to: C:\Users\student\.stmcufinder\plugins\mcufinder//mcu/
2020-02-12 14:07:45,674 [INFO] CrossReferenceDbSqlite:197 - Set database path to: C:\Users\student\.stmcufinder\plugins\mcufinder//mcu/cs/
2020-02-12 14:07:45,784 [INFO] RulesReader:52 - Compatibility file has been processed (205 Rules)
2020-02-12 14:07:45,909 [INFO] MicroXplorer:570 - Detected Java Version = 1.8.0_202
2020-02-12 14:07:45,909 [INFO] DbMcusXml:69 - Set database path to: C:\Appz\ST\STM32CubeIDE_1.2.0\STM32CubeIDE\plugins\com.st.stm32cube.common.mx_5.5.0.201912201511\\db\/mcu/
2020-02-12 14:07:45,909 [INFO] DbBoardsPdsc:54 - Set plugin database path to: C:\Appz\ST\STM32CubeIDE_1.2.0\STM32CubeIDE\plugins\com.st.stm32cube.common.mx_5.5.0.201912201511\\db\/plugins/boardmanager/
2020-02-12 14:07:45,909 [INFO] DbMcus:264 - Set plugin images path to: C:\Appz\ST\STM32CubeIDE_1.2.0\STM32CubeIDE\plugins\com.st.stm32cube.common.mx_5.5.0.201912201511\\db\/plugins/mcufinder/images/
2020-02-12 14:07:45,909 [INFO] DbBoards:232 - Set plugin images path to: C:\Appz\ST\STM32CubeIDE_1.2.0\STM32CubeIDE\plugins\com.st.stm32cube.common.mx_5.5.0.201912201511\\db\/plugins/mcufinder/images/
2020-02-12 14:07:45,909 [INFO] APIGFXSelector:72 - Set database path to: C:\Appz\ST\STM32CubeIDE_1.2.0\STM32CubeIDE\plugins\com.st.stm32cube.common.mx_5.5.0.201912201511\\db\/plugins/mcufinder/mcu/
2020-02-12 14:07:45,909 [WARN] DbFile:31 - Overriding database path with different value: C:\Users\student\.stmcufinder\plugins\mcufinder/ => C:\Users\student\.stmcufinder\plugins\mcufinder
2020-02-12 14:07:45,909 [INFO] DbMcusAds:72 - Set database path to: C:\Users\student\.stmcufinder\plugins\mcufinder//mcu/
2020-02-12 14:07:45,909 [WARN] DbFile:31 - Overriding database path with different value: C:\Users\student\.stmcufinder\plugins\mcufinder/ => C:\Users\student\.stmcufinder\plugins\mcufinder
2020-02-12 14:07:45,909 [INFO] DbMcusDocs:92 - Set database path to: C:\Users\student\.stmcufinder\plugins\mcufinder//mcu/
2020-02-12 14:07:45,909 [WARN] DbFile:31 - Overriding database path with different value: C:\Users\student\.stmcufinder\plugins\mcufinder/ => C:\Users\student\.stmcufinder\plugins\mcufinder
2020-02-12 14:07:45,909 [INFO] DbMcusJson:59 - Set database path to: C:\Users\student\.stmcufinder\plugins\mcufinder//mcu/
2020-02-12 14:07:45,909 [WARN] DbFile:31 - Overriding database path with different value: C:\Users\student\.stmcufinder\plugins\mcufinder/ => C:\Users\student\.stmcufinder\plugins\mcufinder
2020-02-12 14:07:45,909 [INFO] DbBoardsDocs:84 - Set database path to: C:\Users\student\.stmcufinder\plugins\mcufinder//mcu/
2020-02-12 14:07:45,909 [WARN] DbFile:31 - Overriding database path with different value: C:\Users\student\.stmcufinder\plugins\mcufinder/ => C:\Users\student\.stmcufinder\plugins\mcufinder
2020-02-12 14:07:45,909 [INFO] DbBoardsJson:51 - Set database path to: C:\Users\student\.stmcufinder\plugins\mcufinder//mcu/
2020-02-12 14:07:45,909 [WARN] DbFile:31 - Overriding database path with different value: C:\Users\student\.stmcufinder\plugins\mcufinder/ => C:\Users\student\.stmcufinder\plugins\mcufinder
2020-02-12 14:07:45,909 [WARN] DbFile:31 - Overriding database path with different value: C:\Users\student\.stmcufinder\plugins\mcufinder/ => C:\Users\student\.stmcufinder\plugins\mcufinder
2020-02-12 14:07:45,909 [INFO] CrossReferenceDbSqlite:197 - Set database path to: C:\Users\student\.stmcufinder\plugins\mcufinder//mcu/cs/
2020-02-12 14:07:46,002 [INFO] MainPanel:180 - HeapMemory: 315621376
2020-02-12 14:07:46,096 [INFO] DbMcusXml:69 - Set database path to: C:\Appz\ST\STM32CubeIDE_1.2.0\STM32CubeIDE\plugins\com.st.stm32cube.common.mx_5.5.0.201912201511\\db\/mcu/
2020-02-12 14:07:46,096 [INFO] DbBoardsPdsc:54 - Set plugin database path to: C:\Appz\ST\STM32CubeIDE_1.2.0\STM32CubeIDE\plugins\com.st.stm32cube.common.mx_5.5.0.201912201511\\db\/plugins/boardmanager/
2020-02-12 14:07:46,096 [INFO] DbMcus:264 - Set plugin images path to: C:\Appz\ST\STM32CubeIDE_1.2.0\STM32CubeIDE\plugins\com.st.stm32cube.common.mx_5.5.0.201912201511\\db\/plugins/mcufinder/images/
2020-02-12 14:07:46,096 [INFO] DbBoards:232 - Set plugin images path to: C:\Appz\ST\STM32CubeIDE_1.2.0\STM32CubeIDE\plugins\com.st.stm32cube.common.mx_5.5.0.201912201511\\db\/plugins/mcufinder/images/
2020-02-12 14:07:46,096 [INFO] APIGFXSelector:72 - Set database path to: C:\Appz\ST\STM32CubeIDE_1.2.0\STM32CubeIDE\plugins\com.st.stm32cube.common.mx_5.5.0.201912201511\\db\/plugins/mcufinder/mcu/
2020-02-12 14:07:46,096 [WARN] DbFile:31 - Overriding database path with different value: C:\Users\student\.stmcufinder\plugins\mcufinder/ => C:\Users\student\.stmcufinder\plugins\mcufinder
2020-02-12 14:07:46,096 [INFO] DbMcusAds:72 - Set database path to: C:\Users\student\.stmcufinder\plugins\mcufinder//mcu/
2020-02-12 14:07:46,096 [WARN] DbFile:31 - Overriding database path with different value: C:\Users\student\.stmcufinder\plugins\mcufinder/ => C:\Users\student\.stmcufinder\plugins\mcufinder
2020-02-12 14:07:46,096 [INFO] DbMcusDocs:92 - Set database path to: C:\Users\student\.stmcufinder\plugins\mcufinder//mcu/
2020-02-12 14:07:46,112 [WARN] DbFile:31 - Overriding database path with different value: C:\Users\student\.stmcufinder\plugins\mcufinder/ => C:\Users\student\.stmcufinder\plugins\mcufinder
2020-02-12 14:07:46,112 [INFO] DbMcusJson:59 - Set database path to: C:\Users\student\.stmcufinder\plugins\mcufinder//mcu/
2020-02-12 14:07:46,112 [WARN] DbFile:31 - Overriding database path with different value: C:\Users\student\.stmcufinder\plugins\mcufinder/ => C:\Users\student\.stmcufinder\plugins\mcufinder
2020-02-12 14:07:46,112 [INFO] DbBoardsDocs:84 - Set database path to: C:\Users\student\.stmcufinder\plugins\mcufinder//mcu/
2020-02-12 14:07:46,112 [WARN] DbFile:31 - Overriding database path with different value: C:\Users\student\.stmcufinder\plugins\mcufinder/ => C:\Users\student\.stmcufinder\plugins\mcufinder
2020-02-12 14:07:46,112 [INFO] DbBoardsJson:51 - Set database path to: C:\Users\student\.stmcufinder\plugins\mcufinder//mcu/
2020-02-12 14:07:46,112 [WARN] DbFile:31 - Overriding database path with different value: C:\Users\student\.stmcufinder\plugins\mcufinder/ => C:\Users\student\.stmcufinder\plugins\mcufinder
2020-02-12 14:07:46,112 [WARN] DbFile:31 - Overriding database path with different value: C:\Users\student\.stmcufinder\plugins\mcufinder/ => C:\Users\student\.stmcufinder\plugins\mcufinder
2020-02-12 14:07:46,112 [INFO] CrossReferenceDbSqlite:197 - Set database path to: C:\Users\student\.stmcufinder\plugins\mcufinder//mcu/cs/
2020-02-12 14:07:46,127 [INFO] ApplicationProperties:181 - Using Application install path: C:\Appz\ST\STM32CubeIDE_1.2.0\STM32CubeIDE\plugins\com.st.stm32cube.common.mx_5.5.0.201912201511
2020-02-12 14:07:46,346 [INFO] PluginManage:178 - Search for loadable plugins [exclusion list=]
2020-02-12 14:07:46,346 [INFO] PluginManage:292 - Check plugin analytics
2020-02-12 14:07:46,362 [INFO] PluginManage:342 - Loaded plugin analytics (category:tool,tabindex:-1)
2020-02-12 14:07:46,362 [INFO] PluginManage:292 - Check plugin clock
2020-02-12 14:07:46,377 [INFO] PluginManage:342 - Loaded plugin clock (category:base,tabindex:2)
2020-02-12 14:07:46,393 [INFO] PluginManage:292 - Check plugin ddr
2020-02-12 14:07:46,393 [INFO] PluginManage:342 - Loaded plugin ddr (category:tool,tabindex:6)
2020-02-12 14:07:46,393 [INFO] PluginManage:292 - Check plugin filemanager
2020-02-12 14:07:46,518 [INFO] PluginManage:342 - Loaded plugin filemanager (category:base,tabindex:10)
2020-02-12 14:07:46,518 [INFO] PluginManage:292 - Check plugin ipmanager
2020-02-12 14:07:46,534 [INFO] PluginManage:342 - Loaded plugin ipmanager (category:base,tabindex:5)
2020-02-12 14:07:46,534 [INFO] PluginManage:292 - Check plugin pinoutandconfiguration
2020-02-12 14:07:46,549 [INFO] PluginManage:342 - Loaded plugin pinoutandconfiguration (category:base,tabindex:1)
2020-02-12 14:07:46,549 [INFO] PluginManage:292 - Check plugin pinoutconfig
2020-02-12 14:07:46,580 [INFO] PluginManage:342 - Loaded plugin pinoutconfig (category:base,tabindex:0)
2020-02-12 14:07:46,580 [INFO] PluginManage:292 - Check plugin power
2020-02-12 14:07:46,596 [INFO] PluginManage:342 - Loaded plugin power (category:power,tabindex:4)
2020-02-12 14:07:46,596 [INFO] PluginManage:292 - Check plugin projectmanager
2020-02-12 14:07:46,612 [INFO] PluginManage:342 - Loaded plugin projectmanager (category:projectmanager,tabindex:3)
2020-02-12 14:07:46,612 [INFO] PluginManage:292 - Check plugin thirdparty
2020-02-12 14:07:46,674 [INFO] ThirdPartyDb:295 - Open Third Party DataBase File (C:/Users/student/.stm32cubemx/plugins/thirdparty/db/thirdparties_db.xml) : 15 ms. number of Sw pack : 10
2020-02-12 14:07:46,690 [INFO] PluginManage:342 - Loaded plugin thirdparty (category:base,tabindex:-1)
2020-02-12 14:07:46,690 [INFO] PluginManage:292 - Check plugin tools
2020-02-12 14:07:46,690 [INFO] PluginManage:342 - Loaded plugin tools (category:base,tabindex:7)
2020-02-12 14:07:46,690 [INFO] PluginManage:292 - Check plugin updater
2020-02-12 14:07:46,705 [INFO] PluginManage:342 - Loaded plugin updater (category:base,tabindex:12)
2020-02-12 14:07:46,705 [INFO] PluginManage:265 - PluginManage : Loaded plugins [12]
2020-02-12 14:07:46,924 [INFO] PinOutPanel:1399 - setPackage(No Configuration,No Configuration)
2020-02-12 14:07:47,034 [INFO] IPUIPlugin:65 - create IPUIPlugin
2020-02-12 14:07:47,034 [INFO] PluginManager:200 - loadIPPluginJar : add adc
2020-02-12 14:07:47,034 [INFO] IPUIPlugin:65 - create IPUIPlugin
2020-02-12 14:07:47,049 [INFO] PluginManager:200 - loadIPPluginJar : add aes
2020-02-12 14:07:47,049 [INFO] IPUIPlugin:65 - create IPUIPlugin
2020-02-12 14:07:47,049 [INFO] PluginManager:200 - loadIPPluginJar : add can
2020-02-12 14:07:47,049 [INFO] IPUIPlugin:65 - create IPUIPlugin
2020-02-12 14:07:47,049 [INFO] PluginManager:200 - loadIPPluginJar : add comp
2020-02-12 14:07:47,049 [INFO] IPUIPlugin:65 - create IPUIPlugin
2020-02-12 14:07:47,049 [INFO] PluginManager:200 - loadIPPluginJar : add cryp
2020-02-12 14:07:47,065 [INFO] IPUIPlugin:65 - create IPUIPlugin
2020-02-12 14:07:47,065 [INFO] PluginManager:200 - loadIPPluginJar : add dfsdm
2020-02-12 14:07:47,065 [INFO] IPUIPlugin:65 - create IPUIPlugin
2020-02-12 14:07:47,065 [INFO] PluginManager:200 - loadIPPluginJar : add dma
2020-02-12 14:07:47,080 [INFO] IPUIPlugin:65 - create IPUIPlugin
2020-02-12 14:07:47,080 [INFO] PluginManager:200 - loadIPPluginJar : add fatfs
2020-02-12 14:07:47,080 [INFO] IPUIPlugin:65 - create IPUIPlugin
2020-02-12 14:07:47,080 [INFO] PluginManager:200 - loadIPPluginJar : add fmc
2020-02-12 14:07:47,096 [INFO] IPUIPlugin:65 - create IPUIPlugin
2020-02-12 14:07:47,096 [INFO] PluginManager:200 - loadIPPluginJar : add freertos
2020-02-12 14:07:47,096 [INFO] IPUIPlugin:65 - create IPUIPlugin
2020-02-12 14:07:47,096 [INFO] PluginManager:200 - loadIPPluginJar : add genericplugin
2020-02-12 14:07:47,096 [INFO] IPUIPlugin:65 - create IPUIPlugin
2020-02-12 14:07:47,096 [INFO] PluginManager:200 - loadIPPluginJar : add gfxmmu
2020-02-12 14:07:47,112 [INFO] IPUIPlugin:65 - create IPUIPlugin
2020-02-12 14:07:47,112 [INFO] PluginManager:200 - loadIPPluginJar : add gfxsimulator
2020-02-12 14:07:47,112 [INFO] IPUIPlugin:65 - create IPUIPlugin
2020-02-12 14:07:47,112 [INFO] PluginManager:200 - loadIPPluginJar : add gic
2020-02-12 14:07:47,127 [INFO] IPUIPlugin:65 - create IPUIPlugin
2020-02-12 14:07:47,127 [INFO] PluginManager:200 - loadIPPluginJar : add gpio
2020-02-12 14:07:47,127 [INFO] IPUIPlugin:65 - create IPUIPlugin
2020-02-12 14:07:47,127 [INFO] PluginManager:200 - loadIPPluginJar : add gtzc
2020-02-12 14:07:47,127 [INFO] IPUIPlugin:65 - create IPUIPlugin
2020-02-12 14:07:47,127 [INFO] PluginManager:200 - loadIPPluginJar : add hash
2020-02-12 14:07:47,143 [INFO] IPUIPlugin:65 - create IPUIPlugin
2020-02-12 14:07:47,143 [INFO] PluginManager:200 - loadIPPluginJar : add i2c
2020-02-12 14:07:47,143 [INFO] IPUIPlugin:65 - create IPUIPlugin
2020-02-12 14:07:47,143 [INFO] PluginManager:200 - loadIPPluginJar : add i2s
2020-02-12 14:07:47,143 [INFO] IPUIPlugin:65 - create IPUIPlugin
2020-02-12 14:07:47,143 [INFO] PluginManager:200 - loadIPPluginJar : add ipddr
2020-02-12 14:07:47,159 [INFO] IPUIPlugin:65 - create IPUIPlugin
2020-02-12 14:07:47,159 [INFO] PluginManager:200 - loadIPPluginJar : add ltdc
2020-02-12 14:07:47,159 [INFO] IPUIPlugin:65 - create IPUIPlugin
2020-02-12 14:07:47,159 [INFO] PluginManager:200 - loadIPPluginJar : add mdma
2020-02-12 14:07:47,174 [INFO] IPUIPlugin:65 - create IPUIPlugin
2020-02-12 14:07:47,174 [INFO] PluginManager:200 - loadIPPluginJar : add nvic
2020-02-12 14:07:47,174 [INFO] IPUIPlugin:65 - create IPUIPlugin
2020-02-12 14:07:47,174 [INFO] PluginManager:200 - loadIPPluginJar : add opamp
2020-02-12 14:07:47,174 [INFO] IPUIPlugin:65 - create IPUIPlugin
2020-02-12 14:07:47,174 [INFO] PluginManager:200 - loadIPPluginJar : add pdm2pcm
2020-02-12 14:07:47,190 [INFO] IPUIPlugin:65 - create IPUIPlugin
2020-02-12 14:07:47,190 [INFO] PluginManager:200 - loadIPPluginJar : add plateformsettings
2020-02-12 14:07:47,190 [INFO] IPUIPlugin:65 - create IPUIPlugin
2020-02-12 14:07:47,190 [INFO] PluginManager:200 - loadIPPluginJar : add quadspi
2020-02-12 14:07:47,205 [INFO] IPUIPlugin:65 - create IPUIPlugin
2020-02-12 14:07:47,205 [INFO] PluginManager:200 - loadIPPluginJar : add resmgrutility
2020-02-12 14:07:47,205 [INFO] IPUIPlugin:65 - create IPUIPlugin
2020-02-12 14:07:47,205 [INFO] PluginManager:200 - loadIPPluginJar : add sai
2020-02-12 14:07:47,205 [INFO] IPUIPlugin:65 - create IPUIPlugin
2020-02-12 14:07:47,205 [INFO] PluginManager:200 - loadIPPluginJar : add spi
2020-02-12 14:07:47,221 [INFO] IPUIPlugin:65 - create IPUIPlugin
2020-02-12 14:07:47,221 [INFO] PluginManager:200 - loadIPPluginJar : add stm32_wpan
2020-02-12 14:07:47,221 [INFO] IPUIPlugin:65 - create IPUIPlugin
2020-02-12 14:07:47,221 [INFO] PluginManager:200 - loadIPPluginJar : add tim
2020-02-12 14:07:47,221 [INFO] IPUIPlugin:65 - create IPUIPlugin
2020-02-12 14:07:47,237 [INFO] PluginManager:200 - loadIPPluginJar : add touchsensing
2020-02-12 14:07:47,237 [INFO] IPUIPlugin:65 - create IPUIPlugin
2020-02-12 14:07:47,237 [INFO] PluginManager:200 - loadIPPluginJar : add tracer_emb
2020-02-12 14:07:47,237 [INFO] IPUIPlugin:65 - create IPUIPlugin
2020-02-12 14:07:47,237 [INFO] PluginManager:200 - loadIPPluginJar : add ts
2020-02-12 14:07:47,237 [INFO] IPUIPlugin:65 - create IPUIPlugin
2020-02-12 14:07:47,237 [INFO] PluginManager:200 - loadIPPluginJar : add tsc
2020-02-12 14:07:47,252 [INFO] IPUIPlugin:65 - create IPUIPlugin
2020-02-12 14:07:47,252 [INFO] PluginManager:200 - loadIPPluginJar : add ucpd
2020-02-12 14:07:47,252 [INFO] IPUIPlugin:65 - create IPUIPlugin
2020-02-12 14:07:47,252 [INFO] PluginManager:200 - loadIPPluginJar : add usart
2020-02-12 14:07:47,830 [INFO] BoardConnectionPanel:226 - [DDR PANEL] osNameString: Windows
2020-02-12 14:07:47,971 [INFO] BoardConnectionPanel:3472 - [DDR PANEL] STM32CubeIDE environment
2020-02-12 14:07:47,971 [INFO] MainDdrPanel:103 - [DDR PANEL] GETTER - cubeProgrammerPath is: null
2020-02-12 14:07:48,328 [FATAL] Updater:277 - Updater called before beeing initialized
2020-02-12 14:07:48,797 [FATAL] Updater:277 - Updater called before beeing initialized
2020-02-12 14:07:48,797 [INFO] PinOutPanel:1399 - setPackage(No Configuration,No Configuration)
2020-02-12 14:07:48,797 [FATAL] Updater:277 - Updater called before beeing initialized
2020-02-12 14:07:48,812 [INFO] BoardConnectionPanel:3472 - [DDR PANEL] STM32CubeIDE environment
2020-02-12 14:07:48,812 [INFO] MainDdrPanel:103 - [DDR PANEL] GETTER - cubeProgrammerPath is: C:\Appz\ST\STM32CubeIDE_1.2.0\STM32CubeIDE\plugins\com.st.stm32cube.ide.mcu.externaltools.cubeprogrammer.win32_1.1.0.201910081157\tools\bin
2020-02-12 14:07:48,812 [INFO] ProgrammerExecThread:148 - [ProgrammerAPI] CubeProgrammer command construction: C:\Appz\ST\STM32CubeIDE_1.2.0\STM32CubeIDE\plugins\com.st.stm32cube.ide.mcu.externaltools.cubeprogrammer.win32_1.1.0.201910081157\tools\bin\STM32_Programmer_CLI.exe -l
2020-02-12 14:07:49,477 [INFO] MainDdrPanel:93 - [DDR PANEL] SETTER - Set cubeProgrammerPath to: C:\Appz\ST\STM32CubeIDE_1.2.0\STM32CubeIDE\plugins\com.st.stm32cube.ide.mcu.externaltools.cubeprogrammer.win32_1.1.0.201910081157\tools\bin
2020-02-12 14:07:49,498 [INFO] Updater:886 - Updater Version found : 5.5.0
2020-02-12 14:07:49,525 [INFO] ApplicationProperties:181 - Using Application install path: C:\Appz\ST\STM32CubeIDE_1.2.0\STM32CubeIDE\plugins\com.st.stm32cube.common.mx_5.5.0.201912201511
2020-02-12 14:07:49,696 [FATAL] Updater:277 - Updater called before beeing initialized
2020-02-12 14:07:49,696 [ERROR] IntegrityCheckThread:252 - Cannot obtain thirdParties list 21
2020-02-12 14:07:49,696 [ERROR] IntegrityCheckThread:100 - Unexpected exception IntegrityCheckThread Thread: Updater error
2020-02-12 14:07:49,696 [INFO] ThirdPartyDb:261 - Close Third Party DataBase File (C:/Users/student/.stm32cubemx/plugins/thirdparty/db/thirdparties_db.xml)
2020-02-12 14:07:49,805 [INFO] MainUpdater:2230 - connection check result : 10
2020-02-12 14:07:49,805 [INFO] MainUpdater:2874 - Updater definition file requires update
2020-02-12 14:07:49,805 [INFO] MainUpdater:236 - Updater Check For Update Now.
2020-02-12 14:07:49,805 [INFO] MicroXplorer:420 - Change Database Version : DB.5.0.50
2020-02-12 14:07:49,868 [INFO] ServerAccessManage:348 - Download File updaters.zip
2020-02-12 14:07:50,008 [INFO] FileExtend:225 - Unzip File : updaters.zip
2020-02-12 14:07:50,024 [INFO] FileExtend:240 - Standard Zip Deflate
2020-02-12 14:07:50,399 [INFO] ServerAccessManage:348 - Download File PacksControlFlags.xml
2020-02-12 14:07:50,446 [INFO] ServerAccessManage:348 - Download File cubemx.pidx
2020-02-12 14:07:50,555 [INFO] LoadServerUpdatesThread:301 - End of LoadServerUpdate Thread
2020-02-12 14:07:50,586 [INFO] CheckServerUpdateThread:92 - End of CheckServer Thread
2020-02-12 14:07:50,633 [INFO] MainUpdater:2230 - connection check result : 10
2020-02-12 14:07:50,633 [INFO] LogOutputStream:76 - [STDOUT_REDIRECT] Successfull proxy connection.
2020-02-12 14:07:50,774 [INFO] McuFinderGlobals:40 - Set McuFinder mode to 2 (CubeIDE integrated)
2020-02-12 14:07:50,790 [INFO] FinderPluginLoader:86 - Searching for filters in installed packs
2020-02-12 14:07:50,790 [INFO] DbMcusXml:107 - Load MCU database from C:\Appz\ST\STM32CubeIDE_1.2.0\STM32CubeIDE\plugins\com.st.stm32cube.common.mx_5.5.0.201912201511\\db\/mcu/families.xml
2020-02-12 14:07:51,461 [INFO] DbMcusJson:87 - JSON generation date=Wed Jan 22 14:50:05 CET 2020 (1579701005)
2020-02-12 14:07:52,368 [INFO] DbMcus:192 - Found 1628 MCUs (1588 are supported by CubeMX, 1588 are visible in CubeMX)
2020-02-12 14:07:52,368 [INFO] ApiDb:158 - Load user favorites file C:\Users\student/.stm32cubeide/favorites.mcus.txt: 0 item(s)
2020-02-12 14:07:52,368 [INFO] ApiDb:163 - User favorites MCUs=[]
2020-02-12 14:07:52,368 [INFO] DbMcus:203 - Set 0 / 0 favorites MCUs
2020-02-12 14:07:53,133 [INFO] DbMcusAds:130 - JSON generation date=Wed Feb 20 17:46:15 CET 2019 (1550681175)
2020-02-12 14:07:53,133 [INFO] LoadUrlFilesThread:161 - End of LoadServerUrlFiles without Thread
2020-02-12 14:07:53,165 [INFO] McuDetailPanel:181 - Set advertising image to C:/Users/student/STM32Cube/Repository/\PRSTM32MP10219-01-med.jpg
2020-02-12 14:07:55,055 [INFO] ServerAccessManage:348 - Download File mcusDocs.json
2020-02-12 14:07:55,211 [INFO] LoadUrlFilesThread:134 - End of LoadUrlFiles Thread
2020-02-12 14:07:57,118 [INFO] DbMcusDocs:126 - JSON generation date=Tue Feb 11 16:02:54 CET 2020 (1581433374)
2020-02-12 14:07:57,243 [INFO] DbMcusDocs:61 - Found 541 MCUs documents
2020-02-12 14:07:57,243 [INFO] ApiDb:186 - Save user favorites file C:\Users\student/.stm32cubeide/favorites.mcus.txt: 0 item(s)
2020-02-12 14:07:57,243 [INFO] ApiDb:191 - User favorites MCUs=[]
2020-02-12 14:07:57,243 [INFO] DbMcusXml:107 - Load MCU database from C:\Appz\ST\STM32CubeIDE_1.2.0\STM32CubeIDE\plugins\com.st.stm32cube.common.mx_5.5.0.201912201511\\db\/mcu/families.xml
2020-02-12 14:07:57,633 [INFO] DbMcusJson:87 - JSON generation date=Wed Jan 22 14:50:05 CET 2020 (1579701005)
2020-02-12 14:07:58,336 [INFO] DbMcus:192 - Found 1628 MCUs (1588 are supported by CubeMX, 1588 are visible in CubeMX)
2020-02-12 14:07:58,336 [INFO] ApiDb:158 - Load user favorites file C:\Users\student/.stm32cubeide/favorites.mcus.txt: 0 item(s)
2020-02-12 14:07:58,336 [INFO] ApiDb:163 - User favorites MCUs=[]
2020-02-12 14:07:58,336 [INFO] DbMcus:203 - Set 0 / 0 favorites MCUs
2020-02-12 14:07:58,399 [INFO] McuFilterPanel:282 - Update 0 favorites MCUs
2020-02-12 14:07:58,665 [INFO] DbBoardsDocs:118 - JSON generation date=Wed Jan 22 14:50:05 CET 2020 (1579701005)
2020-02-12 14:07:58,696 [INFO] DbBoardsPdsc:92 - Found 21 items
2020-02-12 14:07:58,696 [INFO] DbBoardsPdsc:92 - Found 9 items
2020-02-12 14:07:58,696 [INFO] DbBoardsPdsc:92 - Found 27 items
2020-02-12 14:07:58,711 [INFO] DbBoardsPdsc:92 - Found 1 items
2020-02-12 14:07:58,711 [INFO] DbBoardsPdsc:92 - Found 40 items
2020-02-12 14:07:58,727 [INFO] DbBoardsPdsc:92 - Found 39 items
2020-02-12 14:07:58,727 [INFO] DbBoardsPdsc:92 - Found 2 items
2020-02-12 14:07:58,727 [INFO] DbBoardsPdsc:92 - Found 4 items
2020-02-12 14:07:58,727 [WARN] DbBoardsPdsc:256 - Board STM32H7B3I-DK: unknown feature type=Audio, name=, username=Audio stereo codec with Headphone Amp (CS42L51-CNZ), n=1
2020-02-12 14:07:58,727 [WARN] DbBoardsPdsc:256 - Board STM32H7B3I-DK: unknown feature type=WIFI, name=, username=WIFI 802.11 b/g/n, n=1
2020-02-12 14:07:58,743 [WARN] DbBoardsPdsc:256 - Board STM32H7B3I-EVAL: unknown feature type=Audio, name=, username=Multi-Channel Audio Codec (CS42L51-CNZ), n=1
2020-02-12 14:07:58,743 [WARN] DbBoardsPdsc:256 - Board STM32H7B3I-EVAL: unknown feature type=Meter, name=, username=Power-metering and Temperature-monitoring with sigma-delta modulators, n=1
2020-02-12 14:07:58,743 [WARN] DbBoardsPdsc:256 - Board STM32H7B3I-EVAL: unknown feature type=WIFI, name=, username=WIFI 802.11 a/b/g/n, n=1
2020-02-12 14:07:58,743 [WARN] DbBoardsPdsc:256 - Board STM32H7B3I-EVAL: unknown feature type=Motor, name=, username=Motor Control, n=1
2020-02-12 14:07:58,743 [WARN] DbBoardsPdsc:256 - Board STEVAL-IDP005V1: unknown feature type=PWRSock, name=Power Socket, username=IO-Link 4-position M12 A-coded connector, n=1
2020-02-12 14:07:58,743 [WARN] DbBoardsPdsc:256 - Board STEVAL-IDP005V2: unknown feature type=PWRSock, name=Power Socket, username=IO-Link 4-position M12 A-coded connector, n=1
2020-02-12 14:07:58,758 [INFO] DbBoardsJson:79 - JSON generation date=Wed Jan 22 13:22:01 CET 2020 (1579695721)
2020-02-12 14:07:58,758 [INFO] DbBoards:120 - Found 144 boards (140 are supported by CubeMX)
2020-02-12 14:07:58,758 [INFO] DbBoardsDocs:118 - JSON generation date=Wed Jan 22 14:50:05 CET 2020 (1579701005)
2020-02-12 14:07:58,774 [INFO] DbBoardsDocs:57 - Found 162 boards documents
2020-02-12 14:07:58,774 [WARN] DbBoards:130 - board NUCLEO-H743ZI2 has no document id list !
2020-02-12 14:07:58,774 [WARN] DbBoards:130 - board NUCLEO-H7A3ZI-Q has no document id list !
2020-02-12 14:07:58,774 [WARN] DbBoards:152 - board NUCLEO-L552ZE-Q / document id not found: 4505
2020-02-12 14:07:58,774 [WARN] DbBoards:130 - board NUCLEO-L4P5ZG has no document id list !
2020-02-12 14:07:58,774 [WARN] DbBoards:130 - board P-NUCLEO-WB55-Nucleo has no document id list !
2020-02-12 14:07:58,774 [WARN] DbBoards:130 - board P-NUCLEO-WB55-USBDongle has no document id list !
2020-02-12 14:07:58,774 [WARN] DbBoards:130 - board STM32F401C-DISCO has no document id list !
2020-02-12 14:07:58,774 [WARN] DbBoards:130 - board STM32F769I-DISC1 has no document id list !
2020-02-12 14:07:58,774 [WARN] DbBoards:130 - board STM32L-DISCOVERY has no document id list !
2020-02-12 14:07:58,790 [WARN] DbBoards:130 - board STM32H747I-DISC1 has no document id list !
2020-02-12 14:07:58,790 [WARN] DbBoards:130 - board STM32H7B3I-DK has no document id list !
2020-02-12 14:07:58,790 [WARN] DbBoards:130 - board STM32MP157A-DK1 has no document id list !
2020-02-12 14:07:58,790 [WARN] DbBoards:152 - board STM32L562E-DK / document id not found: 4510
2020-02-12 14:07:58,790 [WARN] DbBoards:152 - board STM32L562E-DK / document id not found: 4514
2020-02-12 14:07:58,790 [WARN] DbBoards:130 - board STM32L4P5G-DK has no document id list !
2020-02-12 14:07:58,790 [WARN] DbBoards:130 - board STM32100E-EVAL has no document id list !
2020-02-12 14:07:58,790 [WARN] DbBoards:130 - board STM32303C-EVAL has no document id list !
2020-02-12 14:07:58,790 [WARN] DbBoards:130 - board STM32L152D-EVAL has no document id list !
2020-02-12 14:07:58,790 [WARN] DbBoards:130 - board STM32H743I-EVAL2 has no document id list !
2020-02-12 14:07:58,790 [WARN] DbBoards:130 - board STM32H7B3I-EVAL has no document id list !
2020-02-12 14:07:58,790 [WARN] DbBoards:130 - board STM32H753I-EVAL2 has no document id list !
2020-02-12 14:07:58,790 [WARN] DbBoards:130 - board STM32G474E-EVAL1 has no document id list !
2020-02-12 14:07:58,790 [WARN] DbBoards:152 - board STM32L552E-EV / document id not found: 4493
2020-02-12 14:07:58,790 [WARN] DbBoards:152 - board STM32L552E-EV / document id not found: 4509
2020-02-12 14:07:58,790 [WARN] DbBoards:157 - board STM32L552E-EV has no document !
2020-02-12 14:07:58,790 [WARN] DbBoards:130 - board STEVAL-BFA001V1B has no document id list !
2020-02-12 14:07:58,790 [WARN] DbBoards:130 - board STEVAL-BFA001V2B has no document id list !
2020-02-12 14:07:58,790 [WARN] DbBoards:130 - board STEVAL-MKSBOX1V1 has no document id list !
2020-02-12 14:07:58,790 [WARN] DbBoards:130 - board STEVAL-STWINKT1 has no document id list !
2020-02-12 14:07:58,790 [WARN] DbBoards:130 - board STEVAL-IDP005V1 has no document id list !
2020-02-12 14:07:58,790 [WARN] DbBoards:130 - board STEVAL-IDP005V2 has no document id list !
2020-02-12 14:07:59,118 [ERROR] DbBoards:192 - Image file not found for board P-NUCLEO-WB55: C:\Appz\ST\STM32CubeIDE_1.2.0\STM32CubeIDE\plugins\com.st.stm32cube.common.mx_5.5.0.201912201511\\db\/plugins/mcufinder/images/boards/p-nucleo-wb55_small.jpg
2020-02-12 14:07:59,953 [INFO] ApiDb:158 - Load user favorites file C:\Users\student/.stm32cubeide/favorites.boards.txt: 0 item(s)
2020-02-12 14:07:59,968 [INFO] ApiDb:163 - User favorites Boards=[]
2020-02-12 14:07:59,968 [INFO] DbBoards:209 - Set 0 / 0 favorites Boards
2020-02-12 14:07:59,968 [INFO] DbBoardsDocs:57 - Found 324 boards documents
2020-02-12 14:07:59,968 [INFO] ApiDb:186 - Save user favorites file C:\Users\student/.stm32cubeide/favorites.boards.txt: 0 item(s)
2020-02-12 14:07:59,968 [INFO] ApiDb:191 - User favorites Boards=[]
2020-02-12 14:07:59,968 [INFO] DbBoardsPdsc:92 - Found 21 items
2020-02-12 14:07:59,984 [INFO] DbBoardsPdsc:92 - Found 9 items
2020-02-12 14:07:59,984 [INFO] DbBoardsPdsc:92 - Found 27 items
2020-02-12 14:07:59,984 [INFO] DbBoardsPdsc:92 - Found 1 items
2020-02-12 14:07:59,984 [INFO] DbBoardsPdsc:92 - Found 40 items
2020-02-12 14:08:00,000 [INFO] DbBoardsPdsc:92 - Found 39 items
2020-02-12 14:08:00,000 [INFO] DbBoardsPdsc:92 - Found 2 items
2020-02-12 14:08:00,000 [INFO] DbBoardsPdsc:92 - Found 4 items
2020-02-12 14:08:00,000 [WARN] DbBoardsPdsc:256 - Board STM32H7B3I-DK: unknown feature type=Audio, name=, username=Audio stereo codec with Headphone Amp (CS42L51-CNZ), n=1
2020-02-12 14:08:00,000 [WARN] DbBoardsPdsc:256 - Board STM32H7B3I-DK: unknown feature type=WIFI, name=, username=WIFI 802.11 b/g/n, n=1
2020-02-12 14:08:00,000 [WARN] DbBoardsPdsc:256 - Board STM32H7B3I-EVAL: unknown feature type=Audio, name=, username=Multi-Channel Audio Codec (CS42L51-CNZ), n=1
2020-02-12 14:08:00,000 [WARN] DbBoardsPdsc:256 - Board STM32H7B3I-EVAL: unknown feature type=Meter, name=, username=Power-metering and Temperature-monitoring with sigma-delta modulators, n=1
2020-02-12 14:08:00,015 [WARN] DbBoardsPdsc:256 - Board STM32H7B3I-EVAL: unknown feature type=WIFI, name=, username=WIFI 802.11 a/b/g/n, n=1
2020-02-12 14:08:00,015 [WARN] DbBoardsPdsc:256 - Board STM32H7B3I-EVAL: unknown feature type=Motor, name=, username=Motor Control, n=1
2020-02-12 14:08:00,015 [WARN] DbBoardsPdsc:256 - Board STEVAL-IDP005V1: unknown feature type=PWRSock, name=Power Socket, username=IO-Link 4-position M12 A-coded connector, n=1
2020-02-12 14:08:00,015 [WARN] DbBoardsPdsc:256 - Board STEVAL-IDP005V2: unknown feature type=PWRSock, name=Power Socket, username=IO-Link 4-position M12 A-coded connector, n=1
2020-02-12 14:08:00,015 [INFO] DbBoardsJson:79 - JSON generation date=Wed Jan 22 13:22:01 CET 2020 (1579695721)
2020-02-12 14:08:00,031 [INFO] DbBoards:120 - Found 144 boards (140 are supported by CubeMX)
2020-02-12 14:08:00,031 [WARN] DbBoards:130 - board NUCLEO-H743ZI2 has no document id list !
2020-02-12 14:08:00,031 [WARN] DbBoards:130 - board NUCLEO-H7A3ZI-Q has no document id list !
2020-02-12 14:08:00,031 [WARN] DbBoards:152 - board NUCLEO-L552ZE-Q / document id not found: 4505
2020-02-12 14:08:00,031 [WARN] DbBoards:130 - board NUCLEO-L4P5ZG has no document id list !
2020-02-12 14:08:00,031 [WARN] DbBoards:130 - board P-NUCLEO-WB55-Nucleo has no document id list !
2020-02-12 14:08:00,031 [WARN] DbBoards:130 - board P-NUCLEO-WB55-USBDongle has no document id list !
2020-02-12 14:08:00,031 [WARN] DbBoards:130 - board STM32F401C-DISCO has no document id list !
2020-02-12 14:08:00,031 [WARN] DbBoards:130 - board STM32F769I-DISC1 has no document id list !
2020-02-12 14:08:00,031 [WARN] DbBoards:130 - board STM32L-DISCOVERY has no document id list !
2020-02-12 14:08:00,031 [WARN] DbBoards:130 - board STM32H747I-DISC1 has no document id list !
2020-02-12 14:08:00,031 [WARN] DbBoards:130 - board STM32H7B3I-DK has no document id list !
2020-02-12 14:08:00,031 [WARN] DbBoards:130 - board STM32MP157A-DK1 has no document id list !
2020-02-12 14:08:00,031 [WARN] DbBoards:152 - board STM32L562E-DK / document id not found: 4510
2020-02-12 14:08:00,031 [WARN] DbBoards:152 - board STM32L562E-DK / document id not found: 4514
2020-02-12 14:08:00,031 [WARN] DbBoards:130 - board STM32L4P5G-DK has no document id list !
2020-02-12 14:08:00,031 [WARN] DbBoards:130 - board STM32100E-EVAL has no document id list !
2020-02-12 14:08:00,031 [WARN] DbBoards:130 - board STM32303C-EVAL has no document id list !
2020-02-12 14:08:00,031 [WARN] DbBoards:130 - board STM32L152D-EVAL has no document id list !
2020-02-12 14:08:00,046 [WARN] DbBoards:130 - board STM32H743I-EVAL2 has no document id list !
2020-02-12 14:08:00,046 [WARN] DbBoards:130 - board STM32H7B3I-EVAL has no document id list !
2020-02-12 14:08:00,046 [WARN] DbBoards:130 - board STM32H753I-EVAL2 has no document id list !
2020-02-12 14:08:00,046 [WARN] DbBoards:130 - board STM32G474E-EVAL1 has no document id list !
2020-02-12 14:08:00,046 [WARN] DbBoards:152 - board STM32L552E-EV / document id not found: 4493
2020-02-12 14:08:00,046 [WARN] DbBoards:152 - board STM32L552E-EV / document id not found: 4509
2020-02-12 14:08:00,046 [WARN] DbBoards:157 - board STM32L552E-EV has no document !
2020-02-12 14:08:00,046 [WARN] DbBoards:130 - board STEVAL-BFA001V1B has no document id list !
2020-02-12 14:08:00,046 [WARN] DbBoards:130 - board STEVAL-BFA001V2B has no document id list !
2020-02-12 14:08:00,046 [WARN] DbBoards:130 - board STEVAL-MKSBOX1V1 has no document id list !
2020-02-12 14:08:00,046 [WARN] DbBoards:130 - board STEVAL-STWINKT1 has no document id list !
2020-02-12 14:08:00,046 [WARN] DbBoards:130 - board STEVAL-IDP005V1 has no document id list !
2020-02-12 14:08:00,046 [WARN] DbBoards:130 - board STEVAL-IDP005V2 has no document id list !
2020-02-12 14:08:00,265 [ERROR] DbBoards:192 - Image file not found for board P-NUCLEO-WB55: C:\Appz\ST\STM32CubeIDE_1.2.0\STM32CubeIDE\plugins\com.st.stm32cube.common.mx_5.5.0.201912201511\\db\/plugins/mcufinder/images/boards/p-nucleo-wb55_small.jpg
2020-02-12 14:08:00,687 [INFO] ApiDb:158 - Load user favorites file C:\Users\student/.stm32cubeide/favorites.boards.txt: 0 item(s)
2020-02-12 14:08:00,703 [INFO] ApiDb:163 - User favorites Boards=[]
2020-02-12 14:08:00,703 [INFO] DbBoards:209 - Set 0 / 0 favorites Boards
2020-02-12 14:08:00,875 [INFO] McuFilterPanel:282 - Update 0 favorites MCUs
2020-02-12 14:08:01,046 [WARN] BoardDetailPanel:182 - Failed to get advertising image, set to default
2020-02-12 14:08:01,093 [INFO] DbMcusDocs:126 - JSON generation date=Tue Feb 11 16:02:54 CET 2020 (1581433374)
2020-02-12 14:08:01,218 [INFO] DbMcusDocs:61 - Found 541 MCUs documents
2020-02-12 14:08:01,234 [INFO] ApiDb:186 - Save user favorites file C:\Users\student/.stm32cubeide/favorites.mcus.txt: 0 item(s)
2020-02-12 14:08:01,234 [INFO] ApiDb:191 - User favorites MCUs=[]
2020-02-12 14:08:01,234 [INFO] DbMcusXml:107 - Load MCU database from C:\Appz\ST\STM32CubeIDE_1.2.0\STM32CubeIDE\plugins\com.st.stm32cube.common.mx_5.5.0.201912201511\\db\/mcu/families.xml
2020-02-12 14:08:01,609 [INFO] DbMcusJson:87 - JSON generation date=Wed Jan 22 14:50:05 CET 2020 (1579701005)
2020-02-12 14:08:02,203 [INFO] DbMcus:192 - Found 1628 MCUs (1588 are supported by CubeMX, 1588 are visible in CubeMX)
2020-02-12 14:08:02,218 [INFO] ApiDb:158 - Load user favorites file C:\Users\student/.stm32cubeide/favorites.mcus.txt: 0 item(s)
2020-02-12 14:08:02,218 [INFO] ApiDb:163 - User favorites MCUs=[]
2020-02-12 14:08:02,218 [INFO] DbMcus:203 - Set 0 / 0 favorites MCUs
2020-02-12 14:08:02,281 [INFO] McuFilterPanel:282 - Update 0 favorites MCUs
2020-02-12 14:08:02,546 [INFO] DbBoardsDocs:118 - JSON generation date=Wed Jan 22 14:50:05 CET 2020 (1579701005)
2020-02-12 14:08:02,562 [INFO] DbBoardsDocs:57 - Found 162 boards documents
2020-02-12 14:08:02,562 [INFO] ApiDb:186 - Save user favorites file C:\Users\student/.stm32cubeide/favorites.boards.txt: 0 item(s)
2020-02-12 14:08:02,562 [INFO] ApiDb:191 - User favorites Boards=[]
2020-02-12 14:08:02,562 [INFO] DbBoardsPdsc:92 - Found 21 items
2020-02-12 14:08:02,562 [INFO] DbBoardsPdsc:92 - Found 9 items
2020-02-12 14:08:02,578 [INFO] DbBoardsPdsc:92 - Found 27 items
2020-02-12 14:08:02,578 [INFO] DbBoardsPdsc:92 - Found 1 items
2020-02-12 14:08:02,578 [INFO] DbBoardsPdsc:92 - Found 40 items
2020-02-12 14:08:02,578 [INFO] DbBoardsPdsc:92 - Found 39 items
2020-02-12 14:08:02,593 [INFO] DbBoardsPdsc:92 - Found 2 items
2020-02-12 14:08:02,593 [INFO] DbBoardsPdsc:92 - Found 4 items
2020-02-12 14:08:02,593 [WARN] DbBoardsPdsc:256 - Board STM32H7B3I-DK: unknown feature type=Audio, name=, username=Audio stereo codec with Headphone Amp (CS42L51-CNZ), n=1
2020-02-12 14:08:02,593 [WARN] DbBoardsPdsc:256 - Board STM32H7B3I-DK: unknown feature type=WIFI, name=, username=WIFI 802.11 b/g/n, n=1
2020-02-12 14:08:02,593 [WARN] DbBoardsPdsc:256 - Board STM32H7B3I-EVAL: unknown feature type=Audio, name=, username=Multi-Channel Audio Codec (CS42L51-CNZ), n=1
2020-02-12 14:08:02,593 [WARN] DbBoardsPdsc:256 - Board STM32H7B3I-EVAL: unknown feature type=Meter, name=, username=Power-metering and Temperature-monitoring with sigma-delta modulators, n=1
2020-02-12 14:08:02,593 [WARN] DbBoardsPdsc:256 - Board STM32H7B3I-EVAL: unknown feature type=WIFI, name=, username=WIFI 802.11 a/b/g/n, n=1
2020-02-12 14:08:02,593 [WARN] DbBoardsPdsc:256 - Board STM32H7B3I-EVAL: unknown feature type=Motor, name=, username=Motor Control, n=1
2020-02-12 14:08:02,593 [WARN] DbBoardsPdsc:256 - Board STEVAL-IDP005V1: unknown feature type=PWRSock, name=Power Socket, username=IO-Link 4-position M12 A-coded connector, n=1
2020-02-12 14:08:02,593 [WARN] DbBoardsPdsc:256 - Board STEVAL-IDP005V2: unknown feature type=PWRSock, name=Power Socket, username=IO-Link 4-position M12 A-coded connector, n=1
2020-02-12 14:08:02,609 [INFO] DbBoardsJson:79 - JSON generation date=Wed Jan 22 13:22:01 CET 2020 (1579695721)
2020-02-12 14:08:02,609 [INFO] DbBoards:120 - Found 144 boards (140 are supported by CubeMX)
2020-02-12 14:08:02,625 [WARN] DbBoards:130 - board NUCLEO-H743ZI2 has no document id list !
2020-02-12 14:08:02,625 [WARN] DbBoards:130 - board NUCLEO-H7A3ZI-Q has no document id list !
2020-02-12 14:08:02,625 [WARN] DbBoards:152 - board NUCLEO-L552ZE-Q / document id not found: 4505
2020-02-12 14:08:02,625 [WARN] DbBoards:130 - board NUCLEO-L4P5ZG has no document id list !
2020-02-12 14:08:02,625 [WARN] DbBoards:130 - board P-NUCLEO-WB55-Nucleo has no document id list !
2020-02-12 14:08:02,625 [WARN] DbBoards:130 - board P-NUCLEO-WB55-USBDongle has no document id list !
2020-02-12 14:08:02,625 [WARN] DbBoards:130 - board STM32F401C-DISCO has no document id list !
2020-02-12 14:08:02,625 [WARN] DbBoards:130 - board STM32F769I-DISC1 has no document id list !
2020-02-12 14:08:02,625 [WARN] DbBoards:130 - board STM32L-DISCOVERY has no document id list !
2020-02-12 14:08:02,625 [WARN] DbBoards:130 - board STM32H747I-DISC1 has no document id list !
2020-02-12 14:08:02,625 [WARN] DbBoards:130 - board STM32H7B3I-DK has no document id list !
2020-02-12 14:08:02,625 [WARN] DbBoards:130 - board STM32MP157A-DK1 has no document id list !
2020-02-12 14:08:02,625 [WARN] DbBoards:152 - board STM32L562E-DK / document id not found: 4510
2020-02-12 14:08:02,625 [WARN] DbBoards:152 - board STM32L562E-DK / document id not found: 4514
2020-02-12 14:08:02,625 [WARN] DbBoards:130 - board STM32L4P5G-DK has no document id list !
2020-02-12 14:08:02,625 [WARN] DbBoards:130 - board STM32100E-EVAL has no document id list !
2020-02-12 14:08:02,625 [WARN] DbBoards:130 - board STM32303C-EVAL has no document id list !
2020-02-12 14:08:02,625 [WARN] DbBoards:130 - board STM32L152D-EVAL has no document id list !
2020-02-12 14:08:02,625 [WARN] DbBoards:130 - board STM32H743I-EVAL2 has no document id list !
2020-02-12 14:08:02,625 [WARN] DbBoards:130 - board STM32H7B3I-EVAL has no document id list !
2020-02-12 14:08:02,625 [WARN] DbBoards:130 - board STM32H753I-EVAL2 has no document id list !
2020-02-12 14:08:02,625 [WARN] DbBoards:130 - board STM32G474E-EVAL1 has no document id list !
2020-02-12 14:08:02,625 [WARN] DbBoards:152 - board STM32L552E-EV / document id not found: 4493
2020-02-12 14:08:02,625 [WARN] DbBoards:152 - board STM32L552E-EV / document id not found: 4509
2020-02-12 14:08:02,625 [WARN] DbBoards:157 - board STM32L552E-EV has no document !
2020-02-12 14:08:02,625 [WARN] DbBoards:130 - board STEVAL-BFA001V1B has no document id list !
2020-02-12 14:08:02,625 [WARN] DbBoards:130 - board STEVAL-BFA001V2B has no document id list !
2020-02-12 14:08:02,625 [WARN] DbBoards:130 - board STEVAL-MKSBOX1V1 has no document id list !
2020-02-12 14:08:02,640 [WARN] DbBoards:130 - board STEVAL-STWINKT1 has no document id list !
2020-02-12 14:08:02,640 [WARN] DbBoards:130 - board STEVAL-IDP005V1 has no document id list !
2020-02-12 14:08:02,640 [WARN] DbBoards:130 - board STEVAL-IDP005V2 has no document id list !
2020-02-12 14:08:02,908 [ERROR] DbBoards:192 - Image file not found for board P-NUCLEO-WB55: C:\Appz\ST\STM32CubeIDE_1.2.0\STM32CubeIDE\plugins\com.st.stm32cube.common.mx_5.5.0.201912201511\\db\/plugins/mcufinder/images/boards/p-nucleo-wb55_small.jpg
2020-02-12 14:08:03,408 [INFO] ApiDb:158 - Load user favorites file C:\Users\student/.stm32cubeide/favorites.boards.txt: 0 item(s)
2020-02-12 14:08:03,408 [INFO] ApiDb:163 - User favorites Boards=[]
2020-02-12 14:08:03,408 [INFO] DbBoards:209 - Set 0 / 0 favorites Boards
2020-02-12 14:08:03,418 [INFO] BoardFilterPanel:211 - Update 0 favorites Boards
2020-02-12 14:08:03,588 [INFO] BoardFilterPanel:211 - Update 0 favorites Boards
2020-02-12 14:08:04,193 [INFO] CrossSelectorPresenter:1319 - Cross Selector saved comparison directory: C:\Users\student\.stmcufinder\plugins\mcufinder\mcu\cs_comparisons_mx
2020-02-12 14:08:04,900 [INFO] ServerAccessManage:348 - Download File mcusFeaturesAndDescription.json
2020-02-12 14:08:04,923 [ERROR] ServerAccessManage:517 - User Cancel Download : mcusFeaturesAndDescription.json.
2020-02-12 14:08:04,923 [INFO] LoadUrlFilesThread:134 - End of LoadUrlFiles Thread
2020-02-12 14:08:29,627 [INFO] Activator:176 - 


2020-02-12 14:08:29,643 [INFO] Activator:177 - !SESSION log4j initialized
2020-02-12 14:11:44,933 [INFO] Activator:176 - 


2020-02-12 14:11:44,949 [INFO] Activator:177 - !SESSION log4j initialized
